62.7592 33.7596
64.364 34.5797
62.5565 33.8218
63.4054 33.7563
60.2232 33.8817
60.5801 33.4467
67.0041 33.8758
68.5944 33.5637
66.863 33.7131
66.9467 33.836
66.2824 33.7733
58.9487 33.8152
60.0607 34.1778
65.0965 33.8278
71.2013 34.4192
64.5015 34.1451
61.8826 33.7792
59.6194 33.5565
58.7578 33.5164
59.7072 33.8768
61.236 33.743
55.6363 33.6167
55.9388 34.2062
66.4133 32.8885
67.2687 34.2386
74.2463 34.2563
61.9586 33.6891
58.6107 34.0812
57.4245 34.0787
71.934 33.1699
54.4513 33.2872
63.6954 33.2557
57.3508 33.9128
63.8092 33.2722
63.5679 33.3163
64.7474 33.1034
67.995 33.8531
60.6013 33.7068
59.0126 34.1304
57.6768 33.2491
67.4385 33.5208
63.6832 33.4488
60.8592 33.4645
69.0556 33.9421
57.0786 33.3518
62.6682 33.6602
63.8538 33.7173
68.5513 34.3432
78.3309 33.5811
61.6681 34.1914
62.2186 33.8576
64.148 33.1865
63.8095 33.9196
68.1971 33.9341
70.2931 34.0003
60.6147 33.022
62.2052 33.9058
66.9003 33.652
73.2786 33.2393
62.0635 33.6212
64.195 33.537
64.3796 32.7855
59.2347 33.69
65.9112 33.5111
61.369 34.0457
69.5076 33.8564
65.8428 33.1209
73.7517 33.9747
72.8082 33.3438
62.3594 33.9353
64.9028 33.6256
51.5215 34.2626
56.0085 34.0063
59.392 33.6933
72.0815 34.4953
55.7732 34.066
54.9851 33.3739
61.335 33.2499
62.1745 33.9523
72.0074 33.1858
69.5261 33.7171
66.2265 33.2663
62.7711 34.4178
63.01 33.7077
58.4093 33.0097
62.5196 32.9177
64.5217 33.3512
58.3891 33.3755
59.7747 33.3225
70.2458 33.3787
57.644 34.1152
67.8169 32.9315
61.1415 34.4852
60.1654 33.5946
63.1111 33.0065
68.171 33.8055
64.5001 34.0576
63.0737 33.4611
62.3666 33.1236
63.098 33.3948
66.9465 33.1884
70.6041 32.5221
65.9002 33.5972
58.7146 34.0363
56.077 33.5428
57.9899 33.3041
59.2526 33.6656
68.7984 33.8699
67.4945 33.6968
64.7251 34.4089
74.3097 33.8792
65.2503 33.4227
80.7108 33.2946
72.6535 33.4513
64.0758 34.0911
64.9989 33.8696
64.4546 33.2056
59.2197 34.1313
61.7448 33.8856
64.4433 33.0999
57.5967 34.6935
60.4206 34.3369
57.4349 32.6273
62.6281 33.0873
62.2683 33.2492
70.9082 34.1892
63.7987 33.6706
57.435 34.4104
54.0479 34.1164
51.9629 34.0816
67.3992 34.2933
69.1748 33.3689
70.3547 34.1661
64.3467 35.284
62.2298 33.4955
60.1158 33.9464
57.6861 34.4525
65.432 33.5091
64.148 33.44
65.8017 33.3626
61.1124 33.3752
61.7092 33.2881
57.673 32.0801
64.5983 33.893
64.7547 34.3732
54.2598 34.3909
59.2924 33.3901
59.0018 34.6548
74.7059 33.7407
62.4179 34.6787
53.6211 34.6737
67.469 33.7497
60.4296 33.1982
69.3093 33.4088
69.3586 33.546
56.8887 33.6656
65.6534 33.2257
64.8587 32.9785
48.5814 33.0885
65.0451 33.1811
67.8273 33.385
62.0006 33.6392
65.5856 32.8239
61.2624 34.2534
51.3758 34.4633
61.0497 33.6994
61.5502 33.7212
58.2067 33.76
64.3686 34.3421
66.8562 33.2216
63.9098 33.8972
61.118 33.389
60.9714 33.5063
66.8974 33.9206
66.9787 34.0485
66.3011 33.6216
73.9893 33.4631
59.5894 33.5073
61.1832 32.9568
57.623 33.7348
63.8419 33.6021
70.4321 33.4124
53.7296 33.7092
63.284 33.8021
63.1934 33.3753
59.4124 34.1625
59.1623 33.646
61.7559 34.16
63.0918 34.0266
68.5469 34.6141
56.6771 33.5797
60.3134 33.6396
64.8765 33.337
72.0794 33.1274
63.0262 33.8215
62.2678 33.6839
67.958 33.2656
69.9543 33.4316
66.2071 33.2794
72.2803 33.6272
63.4859 33.8264
68.9388 33.0225
70.5128 34.2298
61.5141 34.6081
60.6254 32.5977
68.4623 34.1346
70.2828 34.1749
68.1216 33.4164
60.0423 33.6323
56.2132 31.9858
67.3778 33.4631
60.7294 34.0354
66.785 33.5117
64.8225 34.4705
62.9142 33.4148
61.2164 34.5746
63.3797 34.295
54.9571 34.3538
60.6542 32.8885
65.0564 34.4188
61.2187 32.7464
71.5708 33.4999
55.5926 33.7317
70.3986 33.0705
65.347 33.828
65.0129 34.119
64.8577 33.7794
72.3138 33.0482
72.8668 33.1725
68.6271 33.8065
59.001 33.228
56.877 34.039
63.3945 33.6537
62.9704 34.0483
66.1181 33.6182
67.8097 33.6005
64.2665 33.6674
64.984 33.7405
66.1272 33.7203
67.4149 34.2187
59.5991 34.2467
56.3648 33.7005
59.8293 34.1334
65.3949 33.5846
69.6349 33.8274
63.1892 34.2984
61.8078 33.1114
66.8662 33.2397
53.0122 33.5256
59.3337 33.1175
59.7581 34.146
61.2825 33.8635
60.5289 33.6793
57.5607 34.0201
62.6142 33.6199
59.0754 33.5939
71.9405 33.7155
66.1368 33.7124
70.8341 33.7934
51.9571 34.7559
52.2633 33.3092
66.641 32.8638
55.035 33.9157
55.7037 34.4044
60.7864 33.3328
54.4129 33.4124
61.1357 33.3414
69.5026 32.7121
70.9291 33.4743
73.5441 32.9387
68.2864 33.6868
51.0982 34.6462
66.4489 32.8033
67.8958 33.9004
58.7652 33.6266
55.5813 33.1618
55.6606 34.1322
59.4667 34.4414
57.7012 33.051
54.7132 33.1557
66.6179 33.4157
69.3316 33.4456
69.4478 33.5622
55.4648 32.9583
69.4058 34.2267
69.083 32.9822
68.601 32.9362
67.995 32.7113
69.5074 32.6882
54.9922 32.8713
60.3649 33.9342
56.8665 34.0338
60.4749 34.0864
64.2851 33.5177
65.8005 34.1679
56.5003 34.2852
71.5437 33.428
73.5077 32.9519
66.5632 33.8479
52.4154 33.78
58.6197 33.8614
61.0527 34.1628
64.2808 33.2526
73.2437 34.1946
70.1727 33.966
71.5936 33.5019
72.105 32.8522
67.7358 33.2206
70.4929 33.3541
62.6823 33.3316
63.4702 32.6279
58.4741 33.7836
77.2859 32.9741
62.1824 32.9741
59.9414 34.0848
64.6575 34.5529
53.4061 33.9063
56.6229 33.3381
59.6025 32.7055
65.6454 33.5106
63.635 33.2722
70.666 33.8626
70.3513 33.9645
68.4304 33.2695
66.0282 33.374
66.4747 34.5
58.4111 34.0608
61.0795 34.7438
55.7244 32.4043
58.3101 33.9543
56.7588 33.2417
75.8503 33.3099
68.1835 33.0221
66.4739 33.2669
59.9476 34.2235
74.2428 33.6719
74.3358 33.9217
70.2766 33.4239
74.3211 33.5518
57.6045 33.5307
50.7214 34.1756
49.1639 34.1606
63.1991 34.0652
56.0476 34.2179
64.7115 35.3072
63.4527 33.3725
68.7017 33.6473
70.069 33.053
63.4171 33.2179
57.786 33.4105
54.7534 34.0916
58.8813 34.7777
59.2931 33.9778
65.2533 34.5169
60.7648 33.204
62.8242 34.0879
68.6679 32.6835
71.9012 33.7638
71.4493 33.6878
72.461 33.7988
60.8375 34.1358
57.0416 33.4554
59.4282 34.2588
53.8109 33.1926
53.425 33.6543
63.9931 33.2829
58.6662 34.1495
62.1731 33.4559
67.1582 32.5306
67.3744 32.8623
70.073 32.7976
48.1787 33.9467
58.572 33.4986
57.5631 33.5678
65.9473 33.5114
57.7441 32.9759
59.4805 33.2204
57.6995 33.8671
65.2503 33.6841
64.9166 33.0379
63.4882 33.5005
60.8659 33.8533
61.6697 33.7514
63.1161 33.7114
58.4018 33.6967
61.6445 33.5541
62.1659 34.1101
56.0144 33.2351
59.9295 34.1323
64.452 33.525
64.0519 33.5223
56.1909 33.5632
62.5978 34.0832
51.3215 33.9672
61.6302 33.7668
65.1731 33.9168
72.5461 33.3631
60.2732 33.5974
63.5361 33.1738
67.6228 34.0837
63.7257 34.4395
55.4698 32.8213
64.805 32.9445
53.5966 33.5426
60.4661 34.2464
68.8897 33.4096
58.877 33.1461
65.6308 33.2008
70.4755 33.789
70.8995 32.9703
68.3142 32.9189
69.9014 33.3274
57.5636 32.5145
57.7932 34.3369
65.1483 33.5602
61.2742 34.1525
60.3573 34.0959
66.2832 33.5672
63.2457 33.1811
52.3774 34.1715
57.9712 34.4972
59.1492 33.5649
74.1957 34.3248
68.5135 33.947
63.1553 33.651
60.4043 33.6234
64.5389 33.3505
62.7152 34.3121
63.3635 33.1485
67.7056 32.4907
49.2311 34.771
73.3437 32.9657
64.9119 34.1856
57.6968 34.1475
54.8088 33.9263
59.4808 34.2685
70.1573 33.5596
59.1312 34.3364
57.2126 33.3776
60.3834 33.1761
51.7466 33.4332
62.6251 33.5115
66.6641 33.8171
65.5447 33.4185
61.8315 33.4919
64.3139 32.8795
64.7972 32.8546
63.1166 33.5538
64.9686 33.649
62.1986 32.8815
58.8521 33.256
61.8654 34.054
62.5352 34.0443
62.0269 34.0792
61.5616 34.3905
62.4974 33.7242
61.6364 33.761
52.0709 33.9424
54.3962 33.4776
55.6985 33.0694
59.431 33.5861
62.4125 33.3904
68.9744 33.1533
71.9451 33.9621
84.42 34.2011
64.3664 33.8388
61.2098 35.0349
67.7609 33.1844
63.0957 33.6021
63.547 34.1135
66.3935 34.0242
65.8947 34.2537
62.9898 34.7776
63.7421 33.4775
69.3418 32.7934
65.5413 33.7751
68.7736 33.5686
72.2779 33.583
75.3988 34.2694
74.8671 33.8065
59.3232 33.9431
67.5102 33.9268
62.8952 33.2206
69.0043 33.332
60.4339 34.2665
58.0487 33.7437
56.1528 33.7781
63.6795 33.5021
64.3148 33.6015
63.3103 33.5272
61.3238 33.6493
64.9041 33.5054
65.6267 33.3372
56.542 33.6306
67.0037 33.8151
67.8292 33.9246
54.5066 33.9325
60.2172 33.7502
56.1364 32.9568
58.2555 34.1527
67.4006 33.7108
62.9966 33.6207
64.5902 33.7999
56.2485 33.5085
58.2849 32.5052
59.4096 34.534
53.4075 33.6289
62.6515 33.3793
64.6205 34.4348
50.8827 34.2971
56.8129 33.6257
64.9371 33.1629
63.2032 33.3009
66.3132 33.8946
67.7602 33.73
60.8903 33.5865
64.5304 34.5439
63.6922 34.0422
55.0436 33.1974
57.843 34.0543
63.683 33.1469
70.9778 33.8855
52.5141 34.401
58.1995 34.3994
54.5706 34.3915
53.8251 34.4707
62.5519 33.4272
67.787 34.0239
74.2148 34.594
70.0249 33.5652
69.1212 33.4641
76.8524 33.7222
64.1401 33.7414
59.3085 33.1504
73.551 32.91
56.3397 32.878
67.7231 33.3285
67.9959 33.6099
72.7278 33.8404
61.6565 33.8417
62.5141 32.8832
54.9888 34.1344
62.69 33.9534
60.3945 33.2006
68.6651 33.0336
72.064 33.4026
51.7608 33.448
63.9194 33.4348
65.9683 33.5183
65.4569 33.4646
70.0403 33.6271
61.0457 33.2136
57.8132 33.4141
56.5506 34.6534
63.6876 34.1036
64.6384 33.3103
61.3838 34.1974
58.3053 34.0362
64.9991 35.0255
67.8084 33.9874
70.9603 34.4765
64.6887 33.8841
70.5502 33.4058
63.6437 33.9472
50.9069 33.994
58.6766 33.4456
64.599 34.4637
56.2067 33.4305
55.4017 33.6725
62.9323 32.9038
63.4893 32.4267
61.7632 33.5449
60.839 33.8108
65.8722 34.0133
65.2715 32.9258
60.6456 33.7149
71.2563 34.0849
61.9921 33.285
61.4941 33.3707
70.9909 33.7662
62.7187 33.6946
65.1929 33.3694
64.2477 32.9786
58.9993 33.3361
68.7043 33.8571
65.6898 33.8795
65.9907 34.0384
66.0568 34.0251
66.4211 34.2142
66.1569 32.5454
64.6312 33.5302
77.4803 33.5901
60.0327 34.0911
55.5545 33.3743
59.8548 34.5763
62.9855 33.1513
66.3002 33.7959
66.8049 33.3006
66.916 32.8698
61.9489 34.1399
63.2064 32.6422
56.8576 34.686
57.3453 33.7895
51.3736 33.4101
61.8242 33.6656
53.3875 34.2869
60.0486 34.4414
61.2145 34.722
61.0059 33.2368
57.0008 33.9616
64.7173 33.8893
62.914 33.5235
58.2047 33.1032
55.2466 34.064
73.7888 33.3643
65.1988 33.7596
58.5907 33.6737
61.8223 33.5665
60.9611 33.6356
67.6599 34.247
70.1901 33.3617
78.4628 33.8176
68.6838 34.0032
68.6596 33.733
72.2525 33.3122
66.2288 33.0477
54.743 33.75
58.7467 33.8148
62.9257 34.3802
62.7244 34.3556
59.0682 33.9364
64.9177 33.568
58.3313 33.3347
61.6163 33.7072
62.0419 34.2731
70.7208 33.7662
70.6305 33.3276
69.8413 33.3707
69.9491 33.4199
73.6976 33.2818
71.3625 32.5844
60.9221 32.817
63.3026 33.3
62.1449 33.9061
69.5151 33.5108
71.1494 33.7277
69.6127 32.4052
66.858 33.3268
61.5552 33.5695
65.7509 33.6628
67.5627 34.4756
68.3202 34.5524
64.8759 33.6515
64.8642 33.5787
60.3811 34.1781
64.2798 33.672
63.7061 34.1703
64.6677 34.5933
59.8979 34.4202
65.9559 33.7519
54.7111 34.1884
65.3048 34.0558
61.5055 33.1721
54.2249 34.2157
58.8508 33.1827
56.5575 34.1061
57.3563 33.541
59.3571 33.6543
60.0159 33.3211
64.3691 33.2338
62.6349 34.0084
60.8987 33.5443
70.3816 34.4691
64.7547 33.747
64.4119 33.7957
61.4051 34.0349
56.1228 33.9951
56.3853 34.0008
76.3546 34.6384
65.2938 34.1416
63.3603 32.5654
63.2022 34.1171
59.8023 33.2351
57.8756 33.126
47.4616 34.1659
58.7826 33.5146
61.646 33.9214
59.2922 33.6289
62.427 33.8065
59.7442 33.741
61.5935 33.9912
63.1649 34.1684
60.1431 33.6786
56.5409 33.8311
68.1798 33.6099
71.4711 34.1122
67.3785 32.6164
64.1836 34.3648
61.138 34.0143
65.8199 33.988
59.2657 33.8532
65.7938 33.6302
66.2147 33.9874
69.9709 33.6127
62.7436 33.6322
62.3692 34.3718
64.2487 33.2791
62.6053 33.4249
67.4841 33.7796
69.7148 33.7294
72.2854 34.4356
68.0894 33.7535
60.7183 33.6874
54.9594 33.3998
49.9783 33.9021
56.7829 33.7274
53.5815 34.489
69.1158 34.0183
59.5174 34.47
62.0606 33.8987
57.3658 33.8567
65.1221 33.4779
61.7466 33.6706
59.5672 33.9504
61.3819 34.3936
65.8219 34.0562
61.1921 34.242
68.1466 33.6793
71.3625 34.5898
63.2399 33.5391
56.068 33.0517
57.4401 34.1404
55.8926 33.5924
64.5512 33.6815
59.0642 34.2097
57.1944 33.7837
74.4928 33.749
60.4042 33.7508
62.1699 33.7557
62.2889 33.8726
63.1127 33.7911
69.0191 34.1316
64.7091 34.6377
60.745 33.7749
58.595 32.9437
54.5012 33.4225
52.3024 34.8978
57.139 33.2647
55.2807 34.4582
71.1191 32.9986
64.6788 34.4298
61.4117 33.5513
69.2056 33.7156
61.6892 32.5288
62.3409 33.9273
60.6347 33.183
59.492 33.917
66.5193 33.0602
58.5452 34.034
76.4553 33.507
78.3046 33.4966
54.6809 33.947
67.1761 32.709
65.8855 34.1702
70.9233 33.3915
65.5375 34.5474
59.7325 33.3692
67.6189 33.0155
62.9057 33.8495
68.648 33.8063
63.4995 34.0652
61.724 33.8826
69.6735 32.9706
58.2469 33.5368
66.9668 33.9974
72.8801 33.6151
65.3355 33.3491
63.1875 33.6496
50.0433 33.5868
53.6865 33.9734
58.2105 33.9518
69.9167 34.2175
59.5001 33.0502
66.6404 33.3702
72.6555 33.2172
64.4862 33.6952
65.4048 33.372
69.6513 32.9501
65.3261 32.8565
68.1495 34.0682
64.628 34.4282
67.3852 33.8859
63.7157 34.5941
61.7174 34.1628
59.0161 34.2314
68.6018 33.6401
69.208 33.8381
75.7752 34.0398
78.2952 32.9883
64.8878 33.5099
65.7593 33.7756
74.239 33.9314
70.6295 34.0614
72.492 32.5605
64.0489 34.4016
61.8721 32.4392
60.8384 33.8821
66.2967 33.5124
76.7966 32.6628
68.4801 34.483
65.0557 34.1944
64.4729 34.134
64.2307 34.2878
64.8362 33.8757
67.3476 32.8445
76.3394 33.4791
64.6037 34.392
60.71 34.3588
56.1086 33.5761
57.6967 33.9965
61.349 34.2526
62.9722 33.5387
61.5797 34.5099
69.7172 34.7895
70.9355 33.7179
72.1281 33.6554
68.2317 33.9286
57.2853 33.8692
71.886 33.8709
69.9499 32.5396
72.3394 33.0451
74.2384 34.0314
60.8259 34.0047
57.7524 33.9407
55.5846 33.9614
60.3019 34.2191
65.2779 33.493
61.1237 33.8684
75.3384 33.3454
72.0049 33.5843
72.1113 33.5109
60.9064 33.9359
58.2212 33.6772
60.9463 33.9595
54.4946 33.257
52.8767 33.3298
62.0734 33.753
63.4567 33.7003
64.7383 33.6191
63.5847 33.2151
55.8852 33.5482
56.6932 33.3817
60.2665 33.9928
67.2211 33.9914
72.8492 34.1153
52.1032 33.0369
58.4732 34.1662
65.0703 33.5879
61.9074 33.7548
64.5326 33.7581
63.763 34.5768
61.7528 32.6959
60.9121 34.1044
58.4741 34.3204
49.8687 33.6714
65.3672 33.7496
64.6281 33.8369
68.719 33.0556
66.7718 33.5852
63.5524 34.0581
72.2809 33.5831
66.548 33.8192
65.3255 33.8097
68.4701 34.5161
66.9398 33.1441
56.1094 33.9999
65.2046 34.6262
60.2923 33.7442
64.113 33.6525
63.3394 34.369
53.01 34.078
55.943 34.1598
59.6002 34.4473
62.7701 34.1537
52.9279 34.6345
56.6006 33.3536
71.2335 33.6281
61.8513 33.4179
64.5647 33.387
57.7612 33.5869
69.2635 33.652
59.2088 34.0176
69.1691 34.2521
60.9473 34.1985
67.2009 34.1642
62.2525 34.4235
66.4346 33.8855
68.4059 33.6404
60.6788 33.5127
68.2191 33.6815
53.5499 33.8178
55.7801 33.0677
59.2597 33.1098
66.3861 33.0025
70.6139 34.6248
64.8525 34.0407
68.5337 32.8349
66.9244 33.3593
56.3602 33.0553
73.761 33.1879
67.4813 34.0093
64.8335 34.0859
59.5665 32.8628
59.7697 34.0364
59.3966 33.9273
73.1837 33.1607
68.0362 32.2553
63.0573 33.8279
55.9933 33.4062
67.6491 34.2155
65.0269 34.3125
65.9987 33.5502
66.9966 33.1591
63.04 34.4006
52.3747 33.5998
56.0454 32.9744
63.6769 33.8612
65.7036 33.2078
63.2903 34.5422
60.0488 33.318
64.1086 33.3864
63.3397 33.6832
64.9445 33.846
65.6059 33.33
74.8334 33.1712
74.4415 33.6718
69.3835 34.1851
74.6509 33.4619
67.9713 33.304
71.3486 33.3555
65.0373 33.6876
69.5145 33.5059
56.552 34.0302
69.4883 33.8049
66.2719 33.9739
60.9675 33.9509
68.0757 33.9089
51.2939 33.815
59.6574 33.4063
65.5048 33.2046
69.8936 33.5916
55.8536 33.8642
58.7263 33.1144
62.8581 33.2557
57.8265 33.7336
60.007 34.3923
72.8304 33.4647
59.7177 33.4175
62.3111 34.1
68.1079 33.8263
64.4851 33.9539
67.2701 33.1058
64.5442 34.5694
67.2939 33.7741
67.0712 33.3896
59.8382 33.3599
56.8492 33.8915
54.5156 34.1466
51.0069 33.5805
60.3601 34.2387
52.297 33.8112
66.5105 33.9344
65.2937 34.0187
72.5436 34.3094
59.4223 33.725
58.3349 34.3342
62.3296 33.7457
56.0537 33.9986
65.0617 34.3688
69.4369 33.3794
66.8959 34.2106
63.3647 34.0535
64.071 34.1686
69.9356 34.1976
67.8259 33.6782
59.647 34.1368
61.2029 33.4606
65.8761 33.7205
67.8519 33.2953
60.2306 33.6682
63.1452 33.1791
60.4346 34.2823
64.0953 34.0551
67.5922 33.7424
69.0097 32.7696
69.9535 33.5338
63.5999 33.4377
58.2636 33.7695
63.3647 33.5351
71.093 33.5806
65.5563 34.7226
53.0065 33.8785
57.2589 34.3448
55.7586 33.3551
74.8115 33.5516
70.3061 32.8932
59.4477 33.056
63.903 34.4948
57.4719 34.134
70.3686 34.204
56.5755 33.4134
66.152 32.6465
65.246 33.6514
59.7926 33.9266
57.3585 33.6583
63.1065 33.5893
56.7765 33.8833
60.6711 33.4053
54.5262 34.2593
63.0481 33.204
56.4453 33.8948
67.2286 33.205
65.9466 33.5291
57.2459 34.4288
63.1964 33.6846
69.4545 33.1388
64.8194 33.7479
58.8243 33.8809
61.4427 34.3183
61.4502 33.1757
62.5725 34.2492
69.5387 33.8998
72.4468 33.7529
66.5266 33.8449
64.6615 34.3362
66.7872 33.7694
55.3043 33.6071
58.7254 33.1116
66.4234 33.4172
62.9403 33.7883
72.4827 33.5744
76.1349 33.6743
65.3086 33.8028
53.6136 34.1335
55.6692 34.0579
64.691 33.3517
63.2708 34.7539
59.5894 34.4216
59.6056 33.8446
68.0957 34.7981
67.4664 32.9993
66.0284 33.6453
70.4548 33.8315
63.1485 34.1122
57.759 33.1034
57.5907 33.7077
65.8884 33.7124
57.327 33.7225
64.8658 32.966
60.9624 32.8782
53.0277 33.8682
54.5791 34.1945
70.9426 33.0977
64.8764 34.6005
71.2115 33.6236
66.2509 34.3171
63.4755 34.54
60.7875 34.1625
67.8544 34.251
66.6867 33.1495
62.6993 34.172
72.9515 34.1522
62.9386 33.5655
73.8963 33.6199
72.1519 33.1026
74.1043 32.2489
57.2419 32.9774
56.7502 34.1725
64.1697 33.6421
53.5813 33.0839
73.8831 34.5135
70.1818 32.6631
75.2386 33.8343
64.4827 33.8629
72.5484 34.4815
58.8891 34.3261
59.4101 33.4904
63.5427 33.9454
56.239 32.6861
57.645 33.3949
60.006 33.33
70.7441 33.8404
69.1394 33.8375
63.5989 33.7566
60.5846 33.6983
70.5178 33.7996
66.8296 33.7473
76.1495 33.2681
60.791 33.9276
67.7597 33.902
55.1008 33.8374
55.421 34.073
62.9407 33.4635
59.3823 33.2171
64.215 32.7928
67.0871 34.7857
68.3743 34.1134
69.9965 33.2486
66.3777 33.1172
65.1039 33.94
63.5945 33.9346
77.1012 33.8223
74.6278 33.4038
69.9891 34.8787
59.4071 33.4432
66.8327 33.1901
63.4799 33.9917
67.5892 33.844
63.4321 33.6865
67.4641 33.6933
67.8594 33.4189
64.3681 33.3902
63.7928 33.1334
65.5363 33.9452
59.5218 32.9877
67.7082 33.647
61.7428 34.405
59.8859 34.1757
61.653 33.9661
58.9359 33.873
59.7574 33.0564
73.074 33.4132
80.1761 33.1417
69.7737 33.8984
55.5651 33.1782
68.6437 32.7794
65.9239 33.6703
56.6748 33.9408
69.6648 33.6011
72.1472 32.5081
67.8961 34.5387
65.8921 34.0219
64.2613 33.5747
60.592 32.8056
63.309 33.3092
53.4311 33.1652
64.4421 33.1829
71.8125 33.8696
57.7394 34.2221
67.6166 34.0819
64.2937 33.8791
64.5056 33.5486
68.996 34.2353
68.0574 33.9437
72.218 34.5761
61.4847 34.5761
65.0348 32.9766
62.7682 32.711
60.4571 33.5707
66.9752 32.936
60.1714 33.2009
60.8587 33.9213
56.8796 33.7755
69.712 34.1942
61.679 34.4864
55.1806 33.7759
57.2235 33.9908
62.453 33.0286
68.2634 33.9904
65.7929 32.8518
54.308 32.8921
53.0816 33.6895
74.7561 33.2675
50.5779 33.4271
66.3908 34.105
64.1817 33.4028
64.7831 34.1629
60.3224 33.7796
60.695 33.4108
59.9726 34.0086
64.7607 33.783
63.3342 33.2871
61.6465 33.665
67.7129 33.768
63.1628 33.7931
65.146 33.4628
75.7115 33.4685
73.2469 33.3066
66.1468 33.472
65.8913 33.776
69.9867 33.2792
70.221 33.2086
66.3616 33.3533
53.4565 33.8181
66.9321 33.7119
66.6856 34.0276
66.9925 33.259
71.0358 33.5052
63.678 34.0124
44.1075 32.8236
58.4882 33.8278
62.2289 33.6885
67.5896 33.2324
62.2037 35.3759
61.3815 34.2289
61.6131 33.3321
61.4259 34.6036
63.5256 32.8562
74.3378 33.181
58.6213 33.811
62.7495 33.8716
52.5854 34.2556
57.9982 34.6434
64.5222 32.9153
60.6292 33.7352
65.9314 33.3608
57.7895 34.564
63.0697 33.8715
67.8786 34.4786
68.4577 33.9615
66.8598 34.1637
60.6445 34.3778
64.5246 33.7803
63.1264 32.8651
74.387 33.4688
56.5624 33.8721
51.1122 33.11
52.9973 33.4812
60.137 34.0365
61.1331 34.3477
62.5833 33.9166
64.1 33.5918
75.1416 33.0093
70.7599 32.6143
51.0815 34.4117
56.4507 33.9276
58.8167 33.9706
59.4307 34.2478
57.988 34.2846
63.1495 33.5343
64.0102 34.4018
58.2028 34.2771
55.283 33.7054
72.89 33.6872
75.7306 33.8974
57.1722 33.092
58.7671 34.2532
64.311 33.8806
66.9347 33.8261
69.5871 34.0141
72.2211 33.9574
70.0728 33.0662
70.9488 33.6823
70.6464 33.3127
66.1393 34.0229
58.8299 33.9901
64.067 33.3458
72.715 33.6387
72.1408 34.0274
72.6721 34.0466
82.191 33.8903
71.3418 33.4795
71.4742 33.1798
71.546 33.8079
65.7583 33.868
62.3591 33.9696
70.049 33.779
71.7653 33.5151
49.5801 33.8753
60.7449 34.3074
57.0417 33.8416
63.1237 33.3623
55.1746 33.9154
64.7525 33.3823
72.7323 33.112
70.426 33.9161
65.5773 33.378
62.9907 33.3917
66.08 33.3499
68.9407 33.4974
70.7386 34.5372
74.8329 33.8077
75.2604 32.6486
63.8937 33.5834
57.5069 34.614
55.9233 33.4885
53.3298 33.721
56.0419 33.5046
60.4512 33.9386
56.7926 33.7586
61.8791 34.2477
59.4515 33.2578
63.9361 32.9383
67.4392 32.6579
60.8879 33.5428
64.6545 33.6907
65.0082 33.3671
65.6233 33.9324
66.3386 33.9177
57.8312 33.4493
70.8307 32.7259
71.4101 33.3193
60.6915 33.1425
57.9512 32.9574
60.7175 33.898
61.8636 33.8989
54.121 33.4595
61.6504 34.4082
67.6553 33.55
58.8896 33.7044
60.7213 33.0538
61.022 33.8362
57.7866 34.1277
57.0976 34.138
63.0627 33.1924
67.1835 33.2127
58.5683 33.8755
71.6092 33.2367
57.1688 33.8143
63.5828 34.2277
73.3358 33.5556
62.2915 34.4364
62.7219 34.3424
60.9549 33.912
62.7894 33.8051
67.9163 33.6519
62.0778 33.5959
58.618 33.7291
56.6738 34.1818
62.5693 34.1257
48.8212 33.4435
50.6786 33.4366
60.4821 33.7736
65.9808 34.0096
61.7569 33.6875
61.2359 33.4347
60.2494 33.6019
70.973 34.469
58.1966 33.1657
67.8358 34.0654
58.6032 33.9579
71.9894 33.4479
71.1857 33.6815
73.7351 33.4972
62.7442 34.109
51.6154 34.2698
55.8516 33.4218
55.8894 33.8061
58.9474 33.5823
56.717 33.6244
54.1743 33.5799
59.6774 33.1363
64.5343 33.839
68.6678 33.6201
67.8401 33.3731
66.737 33.2527
62.3205 33.626
65.9797 33.3099
69.1808 33.3543
73.3912 33.6591
60.2172 33.3692
56.6857 33.3413
66.9024 33.1434
63.1228 32.9566
67.5632 33.7721
53.1158 34.1634
63.0407 33.4163
63.4029 34.961
57.7286 33.795
61.8758 34.1934
56.2553 33.8189
64.4327 34.3557
65.5406 33.2289
59.3736 34.0792
55.3283 34.3573
66.2924 34.0882
57.9327 33.8534
62.0169 33.7394
66.4119 33.3652
67.4652 34.0325
69.2956 32.3669
69.0885 33.07
67.7515 34.4053
63.8402 34.2089
55.0325 33.7201
54.7155 34.3902
67.3219 33.7054
71.1858 33.0213
64.661 33.2355
65.2893 33.6878
64.0243 33.3331
70.968 34.2656
68.7621 33.5596
71.1739 32.8019
74.1734 33.5664
71.2378 33.5072
68.3124 33.3356
64.6551 32.7488
59.9071 34.033
71.375 34.0318
53.2965 33.8698
54.3593 33.937
64.9489 33.7513
71.773 34.2728
66.4826 33.14
67.1388 34.5272
61.8503 33.8918
58.406 33.1977
61.7728 33.868
66.9368 33.6655
62.7377 33.9518
68.6879 32.8242
69.2816 34.2718
59.0735 34.2669
62.227 33.1486
54.7217 33.865
61.6638 33.3263
56.018 33.7217
60.6544 33.6608
67.7107 33.6674
61.451 33.7064
72.3944 33.4144
67.3755 33.7199
70.8538 34.135
61.915 32.5486
69.3794 33.3383
71.0317 32.9911
77.424 32.7865
73.9151 33.7311
67.9119 33.1011
71.7714 33.2464
64.0227 33.0932
58.1619 34.1868
65.4193 33.4756
65.1677 33.5866
66.5037 34.0096
63.1086 33.458
62.2544 33.8191
62.7953 32.9395
57.1255 33.1932
59.0308 34.0846
70.7475 33.6509
62.6574 34.1822
63.5506 34.0313
71.1316 33.7286
60.0566 33.5622
59.5766 34.6275
58.4904 32.7829
64.3466 34.7319
61.6462 33.2219
63.5593 34.0192
55.6664 33.1477
50.0785 33.8008
57.0923 33.8348
66.5655 34.7866
66.7478 34.1285
63.3527 33.5433
63.8055 34.3654
66.9409 32.6161
63.9617 33.0795
60.2573 33.4172
64.65 34.1816
64.2012 34.1093
65.5094 33.7827
68.8761 34.312
80.2113 32.5796
58.6663 33.0074
69.2475 33.504
56.6375 33.9429
64.5815 32.8011
63.2841 33.8132
62.8004 33.7368
72.918 32.7794
65.1977 33.2722
68.6349 33.89
65.272 33.7511
64.6299 33.7838
67.7199 33.7797
67.2487 34.1598
56.614 34.356
64.3385 34.8038
59.6195 34.3087
62.7133 33.3962
62.4272 33.6506
73.333 33.1768
54.3668 32.5376
63.6307 33.7244
64.645 33.6449
70.5359 33.9548
41.8112 33.4408
60.9405 34.3579
62.1761 33.5834
63.6487 34.1322
63.1592 33.2431
68.0745 34.1388
65.3197 33.4947
68.2581 34.0683
57.4708 34.27
61.2295 33.1172
61.4357 34.1552
61.3703 32.8078
75.0677 32.9372
64.7994 34.0508
64.344 33.9622
63.559 34.035
68.0542 33.7439
60.4542 32.9612
65.7642 33.1725
66.0633 33.5895
68.7374 33.4055
62.7385 33.3023
53.0862 32.8979
58.4003 33.5131
63.9993 33.6566
64.291 33.7997
64.0393 33.8723
57.1701 33.3903
62.5594 33.1981
57.369 34.207
62.5466 33.674
62.4711 33.3177
71.8097 33.4893
70.4581 34.0157
69.1192 32.8911
51.8122 33.0936
55.2364 34.1461
67.792 33.4267
58.0027 34.3671
63.6822 33.3404
66.7764 33.1517
54.9961 33.7737
65.9938 32.8385
70.406 33.1658
69.6004 32.7065
65.349 33.2884
58.8591 34.2246
58.1619 33.7542
56.1814 33.3611
60.3485 33.4287
59.3275 32.8163
57.3534 33.6457
75.0368 33.1575
63.9922 33.7864
63.2287 33.657
62.5738 33.1528
58.3655 33.3734
62.8554 34.7917
62.6611 33.4276
64.6653 33.3922
66.7586 33.5836
71.8674 33.7556
49.8865 34.3054
63.5627 33.7879
67.9981 34.1266
75.3319 34.7031
75.3319 34.7334
51.3075 32.6625
52.7119 33.6683
66.5284 34.0152
66.2928 34.2381
43.5926 34.0905
60.8062 34.3283
59.8958 34.5227
65.3178 34.2161
61.0961 34.836
63.9478 34.2653
62.1532 33.3112
62.888 33.121
61.9417 33.4387
66.8863 32.8538
65.1983 33.4377
70.6219 33.3368
56.518 32.9358
60.2944 34.0928
60.1849 33.7428
68.9736 33.1789
67.073 33.5677
62.7207 34.11
66.5244 34.585
70.0989 34.6631
64.3811 33.5097
61.1183 34.5046
71.5495 33.6143
65.2831 33.9173
74.1476 33.6619
65.8262 34.406
57.7184 33.3663
61.8786 34.1851
59.1083 33.9898
56.1323 34.2959
66.9561 34.0629
61.6689 33.9842
67.3458 33.6219
70.7822 32.6107
65.4057 35.0796
59.4602 33.6546
65.8221 33.5299
59.3232 34.0606
53.6319 33.7476
65.8188 33.3101
70.8617 33.7694
74.5653 33.6047
65.6429 33.9825
60.0945 34.1998
62.0264 33.9666
69.0148 34.1532
60.2117 33.9411
61.8352 33.1045
70.8852 33.6404
66.3914 33.4363
78.3908 33.038
74.1085 32.6402
77.5215 33.3416
65.6537 33.5014
59.5517 34.3874
60.5363 33.4115
67.439 33.3702
69.282 34.2516
65.4719 33.6091
76.5892 33.7789
71.8283 33.6655
67.7626 34.463
67.8983 33.8043
67.4578 34.0869
67.3877 33.1029
68.4701 32.9637
80.3967 33.4771
71.7713 34.3457
57.6241 34.0942
58.5552 33.5163
63.3977 33.3742
51.1548 34.3896
65.8931 33.7366
63.8199 32.9127
64.085 32.7199
66.945 33.8435
69.6137 33.4827
58.9611 33.3841
63.5486 33.4414
79.5686 32.357
55.777 33.4572
57.4245 33.7373
55.9112 33.2106
63.7926 34.1342
58.5817 32.6843
61.1035 33.2589
64.837 32.6622
69.999 33.2342
69.6343 33.266
54.6973 33.4837
58.9152 33.3798
56.6589 33.998
56.6268 33.0511
66.5479 33.5991
65.1892 33.9295
70.0666 33.2406
71.5875 32.579
67.2859 34.3446
63.1137 33.9557
56.3441 33.6522
58.0483 33.8802
64.2834 34.8102
61.3412 33.5581
65.6829 33.9373
64.675 33.5225
74.0757 33.7186
69.4271 33.6514
67.6347 33.4508
68.1911 33.3337
74.1962 33.5661
69.0242 33.2185
63.8096 33.4484
49.1488 33.063
59.2671 34.6391
59.3714 33.277
63.9434 33.4342
66.1497 33.1582
65.1106 34.2965
66.2244 33.0427
67.4423 33.9728
58.2456 33.9551
65.7023 33.529
66.124 33.9221
65.4524 34.3896
60.2891 33.0265
68.7251 33.4672
68.9541 33.0842
65.1537 33.2997
66.062 34.0829
60.2345 34.3632
69.7023 33.4386
69.1403 33.9207
70.742 33.865
64.0519 33.3357
67.2563 33.8987
71.3354 32.92
74.8681 33.7706
48.965 33.8834
60.0201 33.7324
67.4443 33.2011
61.9543 33.6949
60.2398 33.5359
64.8563 33.251
65.9662 34.4171
62.2263 33.5707
60.1031 33.5746
64.6726 33.5179
68.5494 33.6147
61.5454 34.3258
64.2989 34.0856
59.6561 32.7872
66.4778 34.7449
74.1818 33.3477
55.5745 34.188
64.6336 33.5646
63.6224 34.025
68.5889 33.1819
65.1665 33.2199
59.9572 32.8587
66.0458 32.606
63.0718 33.0759
70.7027 33.0995
64.47 33.0994
62.9653 33.6083
62.4228 34.3126
70.658 33.794
64.3098 33.6682
60.5888 33.5251
61.4695 33.9498
52.2278 33.7681
54.7292 33.6879
57.3402 33.8537
65.735 34.3872
54.7776 33.7367
71.4357 33.514
60.4398 33.7582
68.6248 33.6977
65.1235 33.0545
65.132 33.1881
67.0277 33.2077
70.6705 33.0044
54.4593 33.2117
62.3854 32.9375
60.4808 33.526
60.7293 33.7797
60.4508 33.2305
68.9754 33.6649
68.7599 32.9433
65.6115 33.6047
66.7591 34.7099
63.0219 34.2238
66.0089 33.6099
70.7706 33.1938
62.3172 34.2856
67.7121 34.4417
62.8005 33.7776
73.1514 33.3149
71.5673 33.426
64.7428 33.0237
63.6136 32.9478
65.9429 33.703
68.8269 33.6279
50.6573 34.0607
63.6933 33.1172
56.5582 34.0334
72.452 33.7273
61.2073 34.0552
56.5289 33.5875
58.5794 33.9893
58.591 33.4763
68.7982 33.4405
56.7472 33.7716
67.659 34.0455
57.2717 34.1127
49.4153 33.5176
70.4525 34.5772
63.231 34.2936
59.1309 33.917
59.8322 34.5845
64.0329 33.5205
73.7865 33.621
64.7424 33.7375
62.7529 34.3139
62.5986 34.0118
59.2709 33.7179
70.9831 33.4882
67.0771 33.4388
52.5292 33.2177
67.6736 34.4236
62.9981 34.1442
64.9479 33.9309
68.1651 34.1525
59.6768 34.8595
68.6752 33.2509
57.384 33.298
64.5073 33.4639
63.1394 33.6469
57.9372 34.055
54.6454 34.043
57.7087 34.1512
59.1194 33.6488
56.0539 33.9259
55.3752 34.341
68.3173 33.8596
71.2192 33.409
75.3749 32.9298
66.2753 33.628
52.4499 33.3734
56.3608 33.3548
56.919 34.2213
51.6005 33.6991
71.2958 33.7432
58.5344 33.1949
61.5326 33.2469
57.6694 33.1732
54.5384 33.9324
75.1557 34.0743
77.632 33.3706
75.383 33.3403
63.9009 33.5052
66.1246 34.3437
64.4636 34.4754
61.8544 34.4037
55.6586 34.1291
64.2924 33.7524
67.9005 33.5427
74.1219 34.2864
51.1858 34.6312
56.8502 33.807
46.7081 33.1586
64.2214 33.9222
65.2878 33.3904
60.3786 33.6234
60.9611 34.1081
63.2482 33.3781
65.1277 34.7994
61.4762 34.0193
57.7211 33.6297
68.1107 34.6076
72.8641 33.2992
70.9299 33.5652
49.666 32.9496
62.8305 33.3836
66.0984 33.6138
62.2021 33.6017
58.245 33.3124
59.4282 33.8829
56.332 34.3895
58.6005 33.9485
74.5421 33.8053
71.1314 33.9564
73.8385 34.1563
75.3475 33.6524
65.4582 33.8053
64.2302 33.0582
58.6916 33.1148
58.491 32.9774
60.9504 34.5654
62.2021 32.915
64.2356 33.769
73.1364 33.3951
69.9536 33.8763
69.1049 34.0857
62.5586 33.7286
61.1792 33.5143
66.7083 33.7254
65.2849 33.302
58.0003 34.1819
63.2216 34.5387
53.7345 32.5903
52.4858 33.6987
57.8497 34.332
53.9373 32.9039
64.7134 33.4647
64.512 34.226
64.4786 34.1126
62.4455 33.9934
66.9668 33.8757
65.2691 34.1112
59.1256 33.5516
65.2008 33.349
63.6995 34.2757
58.7274 34.0584
63.634 34.1924
58.8437 34.0473
59.4688 33.3706
65.6233 33.4297
67.852 33.2711
68.0967 34.6408
52.5989 34.5964
63.4232 33.4489
76.0197 33.9488
68.3503 34.216
69.2918 33.8104
67.5526 33.4742
69.0611 33.4079
57.9105 33.7553
69.9874 32.949
60.1254 33.7687
62.2937 33.5436
69.0119 33.3119
62.6896 33.454
68.1466 34.1386
64.9814 33.7421
67.4026 33.6688
66.0567 33.2209
62.6328 33.8878
62.9099 32.9961
62.6193 33.9674
60.8698 32.5061
58.9727 33.6709
62.7024 33.7094
74.6752 33.5342
68.8079 32.6245
62.4962 32.7646
58.7463 34.2396
57.1116 33.0851
49.8431 33.6129
58.9763 33.7783
61.0414 33.0151
61.1546 33.8779
63.2768 32.5349
62.0483 32.6162
60.4942 34.4163
71.8725 33.2562
67.1735 34.5947
58.4706 33.2986
56.2977 32.8812
59.2912 33.1103
70.7378 33.2966
64.3989 32.9531
59.3881 33.1784
57.4045 33.3133
61.7378 33.4532
64.7101 34.1758
57.5019 33.3804
61.4388 34.0082
63.7913 33.9539
66.5309 34.1084
59.7134 34.4317
61.4291 34.4317
62.844 33.5471
69.0157 34.5379
59.8736 33.5946
60.6172 33.7145
58.6701 33.094
63.6389 33.7067
64.1291 33.1724
66.4312 34.2972
61.7301 34.4394
66.4643 34.0438
65.1764 33.7549
57.89 34.2746
64.3212 33.6269
58.8527 34.1594
59.508 34.0107
55.3563 33.3644
57.6416 34.0373
59.3848 34.7032
69.5952 34.1119
66.0348 34.3963
62.678 33.6673
62.6633 33.631
63.7311 33.4716
69.5682 34.06
62.2192 34.1555
64.499 34.5134
69.0754 33.5924
65.754 33.6576
64.4756 33.992
65.8866 33.4961
50.2361 33.6919
49.8574 33.0831
58.7165 32.6914
66.9752 34.1134
67.7232 34.0098
57.0498 34.0261
65.1122 34.2918
55.7213 34.1171
51.0842 34.4229
57.1596 33.8368
53.8524 33.5065
70.2548 32.9515
74.5323 34.1872
69.4326 34.1153
69.4093 33.6818
61.9179 34.3726
69.3117 33.5482
63.9762 33.8814
65.6232 34.1765
70.7532 34.3943
60.4691 33.1749
48.7274 33.9664
55.0187 33.084
58.6918 33.7359
58.833 32.6551
62.0129 33.8419
63.5437 33.52
64.4078 34.1348
63.7101 34.0752
63.9461 34.5082
68.9941 33.7626
67.0954 34.3723
64.205 34.3434
70.6508 34.0589
57.1531 34.1628
54.7907 33.6564
73.2144 32.3722
65.504 33.3391
62.7516 33.9775
54.1358 33.9431
63.6242 32.7532
60.8349 33.9725
53.1744 33.9628
60.0251 33.9542
59.8079 33.4864
64.8253 33.9332
70.2659 32.938
75.1532 33.4454
58.7775 33.9115
67.2086 34.5838
66.1981 34.2326
64.0721 34.0794
60.2682 33.8311
64.4083 33.9894
58.1085 34.2794
52.2137 33.8493
59.0221 33.0289
60.1519 33.3406
57.6812 34.2409
66.4296 34.2306
72.7908 33.6331
70.6682 32.7795
62.9108 34.5758
75.7868 34.3507
56.0769 33.818
68.7668 33.8302
74.6649 34.1013
73.3964 33.2043
74.7018 33.0528
50.3559 32.4439
74.7524 33.8011
62.346 33.4636
65.4657 34.0493
63.1273 34.4515
58.0435 33.7908
63.6201 33.7674
58.5437 33.5204
69.6293 34.0279
64.1765 33.7009
66.2461 33.3053
65.4134 33.6724
62.7811 33.4186
65.9317 33.0957
58.8477 33.2947
55.2002 33.8848
66.618 34.2258
70.0866 33.0593
69.6895 34.0123
58.0965 32.8246
53.5496 32.8246
71.4463 33.4554
67.7662 33.0992
63.5014 34.2704
64.1487 33.8788
69.8699 33.792
67.9045 33.7412
60.9462 34.0593
72.3526 33.3189
72.6967 33.7954
63.9286 34.0015
63.4286 34.0354
58.9087 34.5205
50.888 33.4957
60.7424 33.5327
49.3795 34.4717
79.265 34.3237
71.0783 33.5008
65.0057 34.2667
65.0057 34.0064
69.9064 33.8587
67.237 33.7927
61.6344 35.02
59.0193 32.8722
56.7855 34.28
56.8593 33.5557
61.0398 34.2291
69.0583 33.4512
72.5175 32.9594
60.1747 32.3038
65.2523 33.8887
67.4451 34.2643
67.5174 33.3349
69.6323 33.1118
69.7395 32.7302
58.178 33.4002
68.9157 34.574
70.75 33.3893
56.4155 34.303
61.1962 34.2746
61.654 34.2274
64.7567 33.6721
59.0704 34.1506
64.5454 33.0267
54.2957 33.3144
52.7605 33.6134
53.9387 33.4804
68.0141 33.1955
74.4126 33.4732
60.6931 34.2802
61.9079 34.4212
69.9484 33.2939
66.1238 33.8874
60.8091 33.8324
55.3722 33.7053
64.0788 33.8637
52.6179 33.7987
53.1168 33.5949
54.296 34.0654
69.3362 34.2243
62.083 34.0907
60.6999 34.0919
65.8176 34.0128
65.6244 33.4395
65.0379 33.0561
62.2461 33.6068
52.8663 33.2959
57.8087 34.251
71.0156 34.4483
72.9678 34.4495
69.1493 33.8689
71.0788 34.0034
64.8623 34.3588
61.2513 34.1464
61.9825 34.0884
59.8994 33.9554
57.7316 34.0918
57.8288 34.5094
61.214 33.5903
64.8604 33.6125
64.592 33.2514
60.3521 33.9785
69.6524 33.4382
66.0893 33.5514
64.3144 33.5883
66.8942 33.7572
63.951 33.1139
63.464 33.801
66.5336 32.9539
67.0718 34.1137
64.6845 33.4159
62.7658 34.6889
61.32 34.6901
57.5237 34.336
57.5942 34.7663
61.4098 34.4244
60.6609 32.6741
61.0366 34.8021
69.5406 33.6784
59.0743 33.2835
69.3723 32.8432
62.6883 33.2405
65.4638 33.4401
56.096 34.2326
56.9093 34.0567
64.2251 32.8931
69.8176 33.2027
75.8816 33.3176
68.2906 33.8133
64.3072 34.2
67.8471 33.4857
72.142 33.2341
65.8817 33.6406
58.9115 33.4729
61.4034 33.2632
68.1674 33.4076
52.3819 32.8308
58.9128 33.6846
58.1813 33.1271
61.9399 32.8628
64.6626 32.9161
64.4861 32.9502
57.1335 33.0339
55.1411 33.5929
58.276 33.2705
56.516 33.2889
55.5446 33.9737
51.2115 33.8294
67.4917 34.0662
62.2347 34.2341
65.102 34.177
56.55 33.5044
57.6009 34.6866
64.8442 34.091
64.0993 33.6747
61.8489 33.2241
61.7366 32.5229
56.2765 34.1055
60.6314 34.0527
58.9512 33.9611
59.0924 34.287
62.5871 33.5511
68.6349 33.6837
71.1266 33.9179
66.1092 34.3098
63.5514 34.1455
66.539 34.3459
64.426 33.9875
61.2554 33.9787
59.4786 33.8816
60.3699 33.348
60.9946 33.5391
63.3754 33.8831
69.0194 33.4694
66.277 33.3385
63.0772 33.5992
65.8358 33.3246
67.5362 33.1092
62.9284 33.6536
64.3843 34.0253
60.0196 33.73
57.4697 32.9772
53.3245 33.9994
54.5904 33.5866
56.3549 34.4782
62.367 32.8595
63.867 33.5032
65.3786 33.9334
62.5071 34.1503
63.7549 34.2449
69.6016 34.1132
64.6759 33.6405
62.7792 33.5295
59.7549 34.6731
71.2827 34.2042
63.5228 33.7831
64.4842 33.4104
59.6807 34.2197
55.539 33.9167
64.1394 34.667
62.2497 33.9863
64.2534 33.2604
67.9262 32.3906
61.2736 33.881
52.06 32.8403
59.3836 33.4379
63.3833 33.3487
62.4471 34.2581
67.4624 32.8839
68.2801 33.6929
68.4948 34.2782
68.491 34.2942
65.9227 33.7422
71.9282 34.0824
61.6501 34.6402
68.1007 32.614
69.6171 33.8631
56.7049 35.0983
68.0762 34.7313
51.7525 34.5775
58.1051 33.8277
60.0603 33.6342
62.0118 33.8599
61.8959 33.5082
60.5934 34.4775
64.59 33.8917
63.3981 33.0299
58.9893 33.205
72.9548 34.3019
64.2743 33.5209
68.274 33.7126
72.636 33.2139
68.2131 32.8582
58.7364 33.4199
71.677 33.6005
69.5597 33.1808
61.8236 33.9274
56.6975 34.1596
61.6377 33.6131
49.4798 33.5725
67.6048 34.5718
69.9568 33.7701
63.2762 33.4323
64.6132 32.9268
65.1975 33.0214
60.8183 33.4072
68.9856 33.7911
66.0509 33.4528
62.7822 33.7053
56.7668 33.2962
58.9825 33.4584
58.1502 33.5184
56.2434 33.6742
66.898 33.6567
70.3786 33.5548
65.4805 34.4977
59.0142 32.9303
63.562 34.0671
63.6622 34.7659
67.518 33.2949
71.4227 33.7512
63.2578 34.0842
64.7618 33.6183
60.4839 34.216
64.2476 33.9492
65.7029 34.0869
61.3928 32.7113
60.6989 33.1068
61.0884 34.0287
57.0594 34.1763
66.9643 33.3181
65.7836 33.7057
58.4556 34.2914
57.651 33.8486
65.863 33.5398
63.1875 33.0088
57.7717 33.8581
63.8512 33.2717
52.9237 33.1776
75.4864 32.9712
64.7397 33.0581
62.0781 34.2572
63.8967 33.7
59.6267 33.9014
58.6863 33.4154
54.5153 33.6322
68.9527 33.7994
73.9074 33.1848
64.1286 33.3529
46.3022 34.1999
54.1799 34.3426
55.5355 33.7753
57.0724 33.2773
60.9412 33.207
75.0206 33.1996
61.2924 32.1476
51.4594 33.0977
56.6226 33.8804
69.6512 33.8497
56.6077 34.2206
62.4217 34.2631
62.5087 33.6871
62.4098 32.8753
50.9222 34.004
57.2405 34.0403
60.5678 32.6731
64.3635 33.6453
74.5996 34.0983
72.6472 34.358
64.83 34.0464
58.7615 33.8865
70.054 33.321
62.9573 34.0636
65.3602 34.3391
62.0526 33.7627
59.6173 34.1944
53.8163 33.8376
67.0699 33.035
61.8386 33.0406
64.2788 33.8532
65.811 34.4257
63.7578 33.3375
62.9532 33.6636
61.7223 34.1642
62.6864 33.6619
61.3723 33.6357
62.084 34.3907
59.2985 33.5151
61.1803 33.3849
57.8439 33.3305
63.4897 33.5797
62.1062 33.7927
68.8782 33.9913
53.8386 33.2632
56.7415 33.3022
63.6157 34.1503
62.9717 33.0853
65.5803 33.415
73.5425 33.9602
69.7076 32.8514
71.119 33.4663
55.0832 34.0933
53.7363 33.9565
68.0963 33.0858
63.2965 32.9177
63.325 33.4666
65.3184 33.3442
74.3639 33.3768
70.9795 33.5097
72.7344 33.477
72.7246 33.4458
61.3365 33.1362
68.2999 34.1254
72.3818 34.0832
67.2156 34.3844
66.952 33.6449
67.2509 32.5442
60.1383 32.4642
59.4996 33.2628
54.6031 33.1973
56.8287 33.7392
54.4766 34.3831
62.9629 34.2978
64.9548 33.6504
70.683 33.7835
63.9219 33.4309
67.2902 33.5868
68.5049 33.9462
66.7207 33.1771
67.4787 34.0403
67.0691 33.0134
75.662 33.9018
64.5114 33.1042
63.3593 33.8394
65.9399 33.674
53.7143 34.0002
59.5686 35.0309
56.7223 32.8602
57.1773 34.3154
59.33 33.9132
65.0028 33.0589
65.4915 33.1742
68.0417 34.0486
70.6 32.8256
69.8456 33.2161
63.5774 33.5519
61.323 33.669
56.1425 33.2753
54.1822 33.649
54.557 34.3976
61.8377 33.5447
58.9303 33.5346
68.1885 33.276
62.0902 32.9277
61.9135 33.4297
61.692 34.1075
61.2354 33.5178
69.103 32.8277
65.3004 33.0595
64.9619 33.0104
46.618 34.0663
63.8168 33.9557
64.3702 34.0401
61.3955 34.325
53.8535 33.3929
64.2883 33.6394
66.3034 33.5558
62.0324 33.3264
77.4089 33.8318
67.7985 33.7548
67.1111 33.7549
61.4147 34.2566
68.8796 32.9966
67.9519 33.2396
67.2097 33.7769
61.0077 33.497
61.8521 33.2876
70.1189 33.7008
68.6961 33.8814
72.2779 33.3786
71.2438 33.6235
62.8379 33.5042
73.8324 33.3737
58.787 33.893
72.6068 33.6039
73.6416 33.1448
58.8115 32.8067
60.497 34.4009
59.9428 33.1597
60.8221 33.668
69.8766 33.908
66.2159 34.092
71.9138 34.6443
53.891 33.7557
63.0544 32.9293
59.5448 34.4165
62.225 33.5012
59.8019 34.4552
64.616 33.6357
71.6711 33.5576
63.1556 33.6866
72.972 33.4295
65.5654 34.2572
63.0748 34.3528
55.0421 33.0973
57.9675 33.4268
54.8219 33.6341
52.6938 33.7648
70.0931 32.9831
73.8332 34.6483
74.7239 32.7788
65.1943 34.3979
62.7259 33.9742
66.1245 33.0286
67.1008 33.3869
64.878 33.4985
65.8575 33.1066
66.2147 32.9038
61.5043 32.8431
62.1758 33.8748
72.3741 34.7925
66.6588 33.3267
74.2119 33.0633
63.6287 32.9337
62.0409 32.9559
71.0102 33.4997
65.9283 33.5521
72.7774 32.7306
60.9165 33.1895
61.3687 34.3767
61.9742 33.2942
63.9707 33.9018
59.1383 33.6771
56.2367 34.2568
58.4367 34.4628
64.8783 33.1198
58.3664 32.9062
56.8973 33.4166
72.1126 32.939
45.303 33.3336
54.9047 33.5927
51.0522 33.9221
55.3687 32.3444
48.441 33.841
66.4808 34.3728
61.7976 34.5103
68.2457 33.4854
71.6434 33.7704
65.4355 33.0482
63.0869 33.2519
62.7905 33.533
53.1347 34.1354
64.4042 33.6878
68.2437 33.8965
77.8239 34.556
73.3353 32.8246
51.2938 33.9995
60.7804 33.8942
63.0442 33.7092
63.5409 32.7765
59.8311 33.1198
58.6672 34.3183
64.1677 33.5869
64.6234 32.8289
54.8302 33.26
67.706 33.781
58.3808 33.7122
64.7247 34.4404
65.6914 33.6176
63.0632 33.9482
52.9254 34.2833
50.562 33.415
50.6653 33.2984
66.9683 33.2998
70.7375 33.497
64.6226 33.1943
71.4842 33.4011
64.8698 33.5798
64.1916 34.3668
73.8363 33.1838
61.6174 33.4307
58.2998 33.6976
57.8092 33.7581
59.9873 34.1703
61.139 33.314
53.5257 33.8653
64.7734 33.4293
71.63 33.4283
60.0969 33.0226
57.7539 33.8345
68.2778 33.2288
57.0238 33.9971
58.381 34.5923
48.9847 32.8389
59.7127 33.8222
64.7762 33.0549
78.1252 33.1767
64.3988 33.0289
58.9106 33.3378
64.2002 33.3888
65.1575 33.45
64.9454 33.6841
56.887 33.2647
59.3616 34.3442
72.1507 33.3797
68.3398 34.3066
66.873 34.1294
65.6825 33.4425
66.3976 33.6237
62.2119 33.4122
60.4982 34.7097
52.7625 33.1943
64.0827 33.8827
59.1831 33.6418
60.6642 34.2135
56.562 33.8834
51.1825 33.3705
52.1208 33.653
56.8119 33.6595
57.112 34.3918
58.1203 33.7347
60.0019 33.1308
65.2816 34.2472
61.1978 33.9105
62.1734 33.8027
64.8171 32.9588
64.9863 33.2253
54.2919 33.222
59.063 33.617
64.7266 33.5044
56.3751 33.3168
60.5602 32.9735
67.2288 32.9816
68.7604 32.9031
65.8358 33.125
70.6573 33.1018
76.4039 33.9381
64.7134 33.0799
51.7863 33.4774
75.8184 34.31
71.4632 33.1366
62.5282 33.6415
55.1087 33.0292
72.2192 34.3634
72.2192 33.1749
70.9957 33.3677
56.6378 33.2295
59.4947 33.686
55.5659 33.2124
57.1023 33.9768
62.8644 33.136
56.7795 33.5963
69.9508 32.3017
59.5136 32.8021
64.3499 32.6151
62.7403 33.601
59.5951 33.5739
65.2044 34.1213
68.685 33.9667
59.8007 33.8241
54.817 33.0939
62.4465 33.4712
74.4279 33.6139
56.594 33.2688
65.5588 34.8623
57.0643 33.9974
61.236 32.9865
61.9729 34.2136
58.5215 33.6021
61.8656 33.6013
62.4596 33.1023
65.1969 33.8018
69.4272 33.8894
68.1015 33.7566
70.8381 33.5936
74.7716 34.2789
62.9254 33.78
69.8341 33.3608
59.8358 33.4589
70.6805 33.3538
71.9153 33.1689
70.7006 33.6416
63.4144 33.0821
64.5803 34.258
63.4379 34.0275
52.0618 33.9236
60.2636 33.7501
64.8375 33.7555
52.4563 33.612
65.5825 33.5882
62.582 33.5569
55.2777 34.0517
64.0544 33.4079
65.9657 33.8215
66.7281 33.9779
62.2189 35.0508
66.236 33.9458
68.0586 33.4654
58.9011 33.7223
75.1993 33.8724
68.2666 34.2772
58.4153 34.0852
57.5221 34.0859
66.7593 33.6238
63.8972 33.5686
72.8892 33.9369
63.8468 33.7404
65.3669 32.9024
55.2797 33.5814
69.4083 33.5198
56.8663 32.3772
60.1233 33.5896
63.793 33.9867
56.8615 32.8988
58.0477 33.9973
60.8929 33.7786
64.6376 33.2908
48.3894 33.5105
55.4431 33.7426
56.0798 33.9523
68.1826 33.9203
61.4179 33.3078
66.3186 34.026
61.5077 33.5354
74.2932 33.9971
50.6287 34.205
58.8524 33.3809
63.8706 32.6127
59.9436 33.7234
72.3143 34.1059
61.3011 34.5144
68.6033 33.2453
65.705 34.001
69.9821 33.4085
69.1007 33.2327
72.4242 32.7526
72.4242 32.752
71.716 34.1751
73.1128 33.1269
68.5135 33.822
61.3718 33.3955
67.7623 33.3823
58.5596 33.478
63.4266 33.59
54.3418 33.5097
70.8671 33.2204
61.2935 33.5113
64.4357 33.5674
69.2796 34.0644
63.8784 33.754
71.1164 33.4676
54.6009 33.3862
52.4507 33.7026
72.6334 33.4
72.8006 32.9998
75.847 33.5052
71.8031 33.3395
69.4196 33.7736
63.5027 33.7374
65.3155 33.995
62.9481 33.6741
69.6806 33.7915
69.2603 34.0869
58.6671 34.1824
63.2368 33.8095
65.1848 33.6717
65.7226 33.2605
62.0939 32.5783
64.9017 33.5947
71.9588 33.1658
70.3266 33.6994
48.8021 33.6938
53.6214 33.0073
58.1721 32.7931
66.5408 32.8197
59.3718 33.7023
59.5218 33.6596
55.5988 33.8073
62.6885 33.4438
62.1914 34.0253
62.0311 33.5684
58.0257 33.5797
54.9343 33.6071
60.2741 33.5419
57.308 33.9769
58.3761 34.2401
60.6135 32.8417
52.4772 32.631
62.6539 32.1503
64.008 33.5606
72.0124 33.382
62.0201 33.8335
58.1413 33.3204
65.6973 33.4683
63.0737 33.1894
58.4078 32.5018
55.8033 33.6626
54.6066 32.9629
61.432 33.5975
60.7635 33.848
63.5097 33.9245
62.7229 33.8706
54.4667 33.9951
50.6492 34.2067
45.2575 33.9921
61.9978 34.3807
55.3897 33.9725
55.1598 33.856
62.0846 33.7397
60.4237 34.0189
60.3181 33.3583
61.5823 33.0001
66.3696 34.7056
70.3212 34.0274
55.4234 34.7878
64.0587 33.815
69.0705 33.6258
63.6348 33.9574
71.2336 33.2313
67.1663 32.9295
71.5904 33.4406
67.1876 33.5445
62.845 34.1365
62.185 33.8865
78.6185 33.3564
75.6833 32.8644
59.1475 33.7896
59.4885 33.7281
64.6691 33.3759
56.8487 33.7156
54.8426 33.5991
62.3898 34.1682
59.774 34.7383
60.9963 33.3431
55.3585 33.8779
55.0482 33.1801
57.6443 32.9511
68.2077 34.2297
62.0719 33.6196
68.5479 33.6505
68.6284 33.9067
62.1882 33.9231
71.8776 33.5513
67.5848 33.507
69.1004 33.4466
56.8702 33.4847
67.5355 33.2312
51.5329 33.5185
50.0932 33.5956
54.3986 33.0909
55.5387 34.2642
55.4338 34.7029
50.5172 33.2124
51.7001 34.7043
55.3286 33.1637
63.6107 34.5525
61.4262 33.1724
60.2814 33.5105
56.7109 33.1152
52.9036 34.0329
58.6249 33.2711
57.2009 34.4775
66.2146 33.6816
63.2614 33.7241
60.3544 33.9589
60.5571 33.9985
60.9818 33.9321
58.8799 33.7888
58.487 33.5622
56.9727 33.6535
66.2944 33.479
66.2285 33.4696
70.8809 33.5493
62.9518 34.0726
59.2047 34.1562
64.6053 34.8442
64.3986 33.3882
63.8204 33.8712
68.7646 33.026
65.6878 33.3694
60.6337 33.5629
60.2598 32.7742
74.0503 33.4519
73.638 35.1482
52.4297 33.6118
61.5132 34.0743
55.4938 33.368
57.3851 33.4535
63.7719 33.6565
66.2205 34.1819
69.3294 33.6036
72.5062 32.9919
65.0557 33.2616
58.0499 33.2907
54.915 33.5684
65.0607 34.4729
65.8129 33.282
58.9819 33.282
52.9957 33.24
60.8957 33.0212
60.3249 33.4264
63.0673 33.7897
62.3095 33.5579
74.6388 33.2244
64.6941 34.067
61.1284 33.0586
61.1284 33.7821
61.9996 34.759
56.4761 33.9613
53.8622 34.348
67.6005 34.095
68.9504 33.6856
62.8685 33.4892
62.0697 34.1382
73.4009 33.0705
63.7495 34.108
58.252 33.2634
74.5698 33.1805
64.3646 32.7758
67.1394 33.3644
66.8285 33.1502
58.9362 34.3076
57.9306 33.6867
59.5094 34.0222
58.6881 33.0467
53.4519 33.8
54.7384 34.0909
65.2666 34.0389
57.5516 34.6242
61.519 32.702
63.9909 33.8983
62.5984 33.7666
60.5636 33.2221
66.262 33.9108
64.433 33.7583
62.7861 33.5627
62.2422 33.7627
62.5427 33.3674
63.1479 33.9274
65.7914 33.4821
60.5622 34.0481
64.9627 33.1916
63.5163 34.1235
61.7255 33.4437
57.1333 33.3188
67.4622 33.2549
71.5016 32.4981
64.8732 33.1872
66.7021 34.0331
61.7513 34.0661
62.2395 34.1906
75.3914 33.5695
50.8218 34.5046
57.3991 34.2437
56.2533 34.7862
59.9391 33.257
64.4339 33.9762
60.6603 33.8387
66.2579 33.8233
50.3937 33.5864
57.1251 32.8632
49.5604 34.8002
54.0609 34.536
55.635 34.3465
55.8417 34.0725
57.0393 33.3316
54.3433 34.1729
64.5811 32.8996
67.2173 33.3442
54.909 33.5165
57.3921 33.7178
61.6831 33.5115
63.7023 34.0251
54.2908 33.1043
56.0399 33.24
74.7456 34.4153
81.0841 33.8198
59.7341 33.876
58.2772 33.9148
64.9603 33.8568
64.113 33.6879
67.0933 32.8809
66.7363 34.0679
66.0365 33.6806
61.6549 33.2908
66.2881 33.9823
60.3122 33.7182
55.8741 34.1955
61.0143 33.7358
53.3083 33.1587
58.0558 34.4096
67.53 33.3101
65.7923 33.3526
70.6 33.9626
56.9252 33.2754
72.3582 33.4913
75.3748 33.7611
67.3176 33.7128
60.9859 34.0791
52.4364 33.7229
42.5642 33.892
56.5231 32.1363
70.1616 33.376
76.2972 34.5114
68.7351 33.8719
66.6829 33.5506
67.5306 35.1777
60.1811 32.8231
66.4589 34.1621
59.8167 33.6311
60.5131 33.6361
64.1046 33.8785
71.2406 33.4707
65.7409 33.785
68.4611 33.1624
78.8719 34.3514
73.5791 32.9691
68.8487 33.5711
63.2536 33.8154
61.8664 33.8563
73.0659 33.4374
63.4208 33.2214
63.4459 33.0389
59.4537 33.6
63.1692 33.6054
77.5829 34.1151
62.9396 32.6109
61.6285 34.1251
60.4928 33.938
78.408 34.3904
69.341 33.0372
60.8258 33.8112
62.1469 33.9097
65.368 33.0351
65.5371 32.912
68.4158 33.505
73.7518 33.0853
60.8619 33.443
65.1075 33.0413
62.7819 32.833
62.1752 34.1037
68.5089 34.0847
62.7788 33.1907
53.6494 34.2875
62.4418 33.9394
59.631 33.5571
63.3356 33.8209
75.4869 33.1893
69.9009 33.6419
64.7095 34.0621
69.0993 33.3568
60.6288 33.1194
64.279 34.2375
76.6448 34.5634
69.8912 33.5163
67.9499 33.0607
60.7538 33.8001
62.3164 33.3038
60.814 33.8064
62.7643 34.9078
76.4237 32.3353
72.8762 34.2218
61.8091 34.3151
60.0658 34.2966
64.874 32.9454
62.216 33.0634
59.0075 34.1611
57.0898 33.8314
50.555 33.6281
56.8405 34.2808
66.3058 33.9787
64.0828 32.9972
60.0166 33.4356
56.7722 32.8444
61.1912 33.9598
55.0377 33.8411
70.8926 33.6732
59.2044 34.2897
58.8746 34.4362
64.876 32.7603
74.8367 33.9617
72.8945 33.8902
71.2506 33.2981
68.4356 32.9209
64.3417 33.5123
69.6893 33.4162
75.5372 34.177
68.4389 34.2391
60.95 33.883
52.7502 33.9087
50.3814 33.868
57.7766 33.8714
59.0117 34.0615
58.1917 33.871
63.3863 33.8241
55.4921 34.3387
56.836 34.2771
57.4782 34.1688
65.0019 34.091
58.4567 33.731
59.6209 33.5817
50.8104 33.7305
53.9955 33.584
68.8887 33.9702
67.0395 33.7645
60.0116 33.1289
69.1802 33.9357
62.7537 33.7947
53.5177 34.9148
46.5121 33.6174
52.9599 34.1356
59.4792 34.0413
61.9866 33.7332
58.3708 33.5264
62.3756 33.3887
73.1564 32.7983
62.4397 32.9185
57.0662 33.5481
65.1253 34.065
71.8936 34.0057
68.5751 33.4469
66.8243 33.5475
74.9707 33.5263
62.5781 33.2828
65.4027 33.505
66.9027 33.659
59.0364 34.0712
73.2904 34.2486
72.8428 34.2495
70.6006 33.1879
64.3927 33.4516
59.8565 33.4855
61.7677 33.9711
69.3153 33.7384
62.5224 33.8888
63.1152 33.8116
61.5303 33.2843
64.9346 33.9248
63.1992 33.5698
64.9881 33.6118
67.7452 33.8714
69.7541 34.0966
67.127 33.7236
61.3283 34.0606
58.7014 34.1361
57.5048 33.2533
60.1154 32.7482
65.419 34.1719
67.6348 33.1329
66.7703 34.1553
69.1225 33.6251
62.8775 34.0545
58.4927 33.744
71.4969 33.3711
59.7027 33.537
68.6934 33.6956
63.841 33.9287
66.9693 34.2426
62.3988 33.1426
59.3778 33.7597
70.5869 33.9149
59.5031 34.0545
51.7396 33.4907
57.9879 34.0632
56.722 33.3626
60.8723 33.9654
68.0175 33.4516
52.0825 34.4946
64.3088 33.3059
74.5659 33.4662
72.7291 32.7701
67.3257 31.8426
57.8819 34.3971
55.1945 33.7835
54.8987 33.9918
61.1432 34.0503
63.2674 33.3669
68.4491 33.1008
67.6236 33.9198
64.0772 33.6865
57.8131 33.7845
61.7919 33.9752
62.0853 32.2208
61.7877 34.4762
51.0318 34.4933
49.0944 33.5496
52.9647 33.35
48.8111 33.481
56.2966 33.7504
46.9297 33.0843
56.2009 33.7251
63.1237 33.0312
69.535 33.1534
66.0049 33.1069
57.5829 33.954
71.4152 34.1477
72.7395 33.565
55.7924 33.3494
59.0313 34.0547
56.4116 33.4001
57.2935 34.108
51.9832 32.8299
53.1257 33.7165
51.9364 34.2482
73.2821 33.3675
69.6204 34.1691
69.067 33.2178
76.5081 34.1122
58.8164 34.0268
56.8156 33.0034
56.8156 34.1687
61.1046 33.5207
53.6056 33.8817
56.3944 33.6624
62.3703 34.4676
68.6533 33.7944
55.0392 33.8696
74.7231 33.0157
61.5336 33.8741
62.7399 33.8675
64.4668 33.2092
63.5687 33.8102
62.0453 32.9592
62.1431 33.5265
54.2275 33.5696
55.7219 34.1545
73.1486 34.0522
72.3646 32.7843
60.7338 33.983
65.1688 34.4697
66.0347 33.874
62.8913 32.9937
74.0992 33.7652
63.6528 33.9377
63.1213 33.4641
57.6208 34.211
64.3173 33.2443
70.7351 33.4707
69.3663 33.1853
63.232 33.7245
65.5759 33.7967
71.4063 33.6351
61.0607 34.4942
68.0599 33.7398
48.6483 33.9003
60.1309 34.3981
65.8629 33.8863
79.1856 33.8595
62.4457 33.3996
64.2449 33.8044
70.0766 34.0441
62.2952 33.3641
67.6439 34.2033
67.3797 34.026
63.1736 32.9292
63.0174 33.8001
58.2269 33.9089
59.1107 33.9551
66.9377 33.4163
69.534 33.8282
71.3909 35.025
64.3086 33.2057
59.4273 32.3205
58.3921 34.0365
58.0084 34.2397
63.9417 34.2658
77.5209 34.1703
68.8656 33.9441
68.4644 33.7398
55.6079 33.2473
64.0239 33.7355
64.3829 32.9886
59.8507 33.7612
72.7501 34.0099
64.6462 34.0298
53.8984 34.2415
59.8172 33.4537
57.4142 33.8075
65.9364 33.373
74.08 34.0261
70.2408 33.8342
57.6763 33.5461
65.8713 33.731
64.7781 33.7816
61.2059 33.7611
56.9768 33.1001
62.7252 33.6785
66.0618 33.0743
66.2583 34.6331
54.2694 33.1035
58.1221 34.2491
61.7934 33.2379
57.8788 34.1846
56.9184 33.8972
58.8419 33.398
52.4571 33.4019
67.6139 33.2782
64.4344 34.9716
64.4588 33.7696
64.5695 33.0052
64.7267 33.6774
59.9066 33.2551
63.4402 33.3591
71.9724 33.5551
57.0981 33.5044
58.1807 34.3335
70.2217 33.5675
62.3095 33.2649
70.7891 33.3401
62.9773 34.4237
62.6589 34.1876
64.4309 34.4301
56.1027 33.8842
58.0162 33.9247
66.5938 33.5369
62.47 33.4642
66.3725 33.7971
67.6054 33.9166
59.5885 33.847
59.09 34.564
64.7915 33.5653
57.661 34.5975
62.4854 33.929
70.4767 33.8213
73.5866 33.8999
68.7765 33.1697
56.8912 34.6316
64.4065 33.5801
63.8675 33.5527
57.789 34.2448
61.1228 33.791
61.5343 33.2669
67.3213 33.6965
68.7506 33.2088
70.6091 34.1355
64.4372 33.219
63.1898 33.0437
65.2059 34.1503
64.6799 33.8061
60.1658 33.6643
62.8928 34.0006
70.1788 33.6359
62.4141 33.9342
72.2678 33.4373
69.6777 33.5263
59.354 33.5457
69.2403 34.0647
63.1888 34.1979
56.8961 34.4659
57.9193 33.9333
58.4659 33.4618
60.5084 33.4138
57.2226 33.6419
66.5804 33.1035
66.2477 33.2464
61.5707 33.1912
64.6649 34.7446
63.4901 33.8453
67.2671 33.4104
56.5509 33.9726
61.7313 33.9781
68.343 33.9853
67.4468 33.6063
64.9434 33.6378
62.324 33.9172
65.6492 33.3097
60.5943 34.2363
54.3803 34.0676
64.6295 33.311
64.0734 34.0567
69.9235 33.4222
57.3892 33.128
73.7145 34.3065
66.5383 33.8389
64.2633 34.2963
62.6948 33.6806
56.4343 33.7609
66.2717 33.9867
64.894 34.2303
67.6993 34.1124
62.0464 33.6224
66.7488 33.078
62.5687 33.9377
67.8315 33.3917
66.7047 33.3472
63.2811 34.0215
64.5161 34.125
64.0866 34.1988
67.4598 32.7128
65.9942 33.1168
76.3533 33.216
67.9811 34.0497
66.4876 34.1768
66.226 35.411
66.4926 33.4006
63.6045 34.8459
62.6582 33.1249
60.5946 34.2682
54.0757 33.8121
60.9505 34.7495
54.3106 34.0227
68.2604 33.7894
65.2955 33.5394
59.5304 33.6143
69.0426 33.5755
61.3729 33.5821
64.1034 33.5117
65.5673 33.9084
67.0749 33.9519
60.6355 33.3542
64.7358 33.3032
72.5262 33.258
65.0205 32.9712
67.5883 33.0574
71.9186 33.5187
71.9186 33.6141
62.9637 33.8711
65.0179 34.6961
62.7872 33.4852
60.5134 34.0986
54.8031 33.6811
62.5387 33.7017
62.1581 34.1606
66.7063 33.5907
79.1098 33.9876
61.3863 33.816
60.85 33.8987
60.3707 33.1353
63.4909 32.9544
62.2263 34.0873
59.3104 33.9594
64.7306 33.4126
60.212 33.232
66.8064 33.9047
59.0654 34.1336
61.7536 34.3489
67.2722 33.8166
64.999 33.8133
68.3757 33.9112
63.1826 33.407
70.4043 33.9886
56.1052 34.1418
59.9494 33.1947
67.1292 33.5421
62.1886 33.6104
63.1147 33.0834
72.1274 33.2481
58.0472 34.3667
69.2444 34.367
66.4632 34.2911
60.6768 34.3957
68.6566 33.3018
68.5176 33.9564
58.1253 35.049
55.4888 34.1848
59.4663 33.2438
61.9023 33.3026
55.0812 34.2205
60.1911 33.8208
63.9912 32.8537
68.6042 33.4362
61.196 33.3108
66.6679 33.2603
60.388 33.2682
62.3854 33.1724
66.027 34.6509
58.3074 33.2655
59.0722 34.0343
58.413 33.2446
64.2531 33.0439
67.224 33.045
61.2144 33.601
52.5213 33.536
60.058 33.5008
59.2645 33.4264
72.9622 34.0763
61.2086 34.8137
59.0109 33.8862
61.8516 33.5183
66.1546 33.9878
70.2254 34.1326
63.7674 33.5547
64.892 33.7749
54.5677 33.9489
60.914 33.9306
58.7695 33.8108
58.2032 34.1413
64.4941 33.2013
65.008 33.4759
70.5462 33.3295
67.0014 33.8171
66.1935 33.1352
64.6012 34.0091
64.8281 33.2927
61.7229 33.9605
71.1445 33.2426
70.45 33.9172
65.2909 33.4177
60.0703 33.9647
54.7656 33.1885
59.4787 33.8603
60.1312 33.5687
65.5612 33.1805
69.3628 33.9284
62.3066 34.0709
61.5818 33.3047
66.4386 35.0791
65.1663 33.2735
62.9136 34.3598
60.4926 34.2217
68.847 33.0045
52.4694 33.8116
63.0378 32.6652
59.5917 33.694
61.0485 33.5132
63.4582 33.5301
62.2116 33.569
60.1025 33.7338
58.0682 33.1561
65.6469 34.0811
64.6016 33.5565
