147.592 30.836
149.612 30.5462
160.656 30.8109
134.281 30.3181
153.679 30.7487
138.847 30.9744
112.368 29.592
105.476 30.2287
111.885 30.2644
112.944 30.4198
105.309 30.7169
131.516 30.7329
125.5 30.6728
126.693 30.3546
102.95 30.1699
119.391 30.7918
113.125 30.6528
137.387 30.9261
124.693 29.8485
121.02 30.3767
107.672 30.3591
128.499 29.8828
126.138 29.7522
126.493 30.4177
134.25 30.4833
123.447 30.1741
121.304 30.7806
145.462 30.9967
110.696 30.8928
105.154 30.756
112.883 31.4667
128.719 31.4071
104.418 30.9582
93.6362 30.7743
110.733 30.8623
143.399 30.7112
157.97 30.7412
152.527 30.275
183.337 30.951
152.668 30.3966
140.603 30.7545
121.838 30.9826
147.936 30.5212
88.0859 31.4849
99.4667 30.4572
94.3953 30.5484
91.6251 31.0451
114.643 29.2252
136.705 30.9195
109.227 31.7702
134.228 31.3336
134.762 31.2623
183.106 30.6594
115.782 30.4357
116.384 30.7321
116.384 30.0929
111.914 30.4701
133.552 30.5808
157.758 30.1626
148.316 30.3612
157.957 30.2714
164.254 30.5747
149.693 30.074
155.122 29.7628
141.567 31.2102
175.161 31.0591
170.641 30.4374
171.785 29.6089
165.776 29.5588
177.962 30.2153
155.531 31.3372
167.414 30.4459
163.947 30.5381
165.495 31.1258
138.679 30.6427
150.282 30.4218
155.438 30.5162
162.552 30.3927
158.708 30.025
149.123 30.7168
119.311 31.4269
157.188 30.3323
151.988 31.0137
127.703 30.5786
120.432 30.1139
135.141 30.3717
140.258 30.478
134.357 30.8375
128.84 30.8213
170.693 30.5366
132.848 30.2962
118.941 29.7197
148.26 30.9477
132.73 30.4933
158.874 31.2485
166.86 30.7549
147.803 30.5931
153.047 29.9826
135.085 30.242
119.09 31.1716
117.766 29.314
143.836 29.7023
117.033 30.3354
159.131 30.1879
212.027 29.9316
173.94 29.925
181.344 30.7898
157.295 30.7055
190.589 30.1559
129.563 31.3343
95.1653 30.3098
124.903 30.7298
145.187 30.641
119.008 31.3671
124.694 30.3497
145.24 30.5153
129.923 29.8185
131.337 30.3215
144.448 30.3626
156.706 30.2069
82.5509 30.4584
127.113 30.8719
164.829 31.0495
141.412 30.8742
147.915 30.5805
152.491 30.5661
144.453 29.6299
129.695 30.9166
95.6582 30.5749
126.247 30.5059
121.71 30.1352
151.923 30.3601
94.6824 31.6526
75.9688 30.7811
93.5267 30.8472
101.02 30.8493
136.48 30.9744
143.139 30.5854
138.022 31.8214
145.117 30.453
125.355 31.323
109.564 30.6389
146.945 30.2848
148.18 30.491
141.367 31.2329
138.894 30.0469
101.142 30.1842
118.492 30.6642
150.064 30.3811
162.215 30.3695
155.221 31.051
211.012 30.7629
234.095 31.2734
189.674 31.3378
180.43 30.7813
173.181 30.592
186.685 30.4422
211.585 29.6987
130.306 29.4255
128.734 30.983
143.531 30.3691
143.301 30.9666
140.173 30.0877
114.945 30.6768
139.35 30.4556
116.535 29.989
111.443 31.5346
144.776 31.1969
115.52 30.7952
136.773 29.5233
132.229 30.3386
126.739 30.5979
124.593 30.17
138.473 30.2487
186.325 31.2966
206.628 30.3391
181.11 30.615
176.761 30.8937
148.292 31.0509
136.383 30.859
113.326 30.3069
128.291 30.3634
120.062 30.388
165.006 30.641
134.466 31.0375
109.771 31.8884
81.354 30.8228
113.802 30.7582
108.352 30.2872
120.168 30.5426
136.536 31.1399
125.718 30.9511
119.016 31.0672
132.189 31.0791
153.969 30.9551
126.84 30.936
108.446 31.0535
109.848 30.2606
118.423 30.1021
138.828 30.1893
154.578 29.6413
143.01 31.2702
132.986 30.085
133.752 29.758
150.004 30.7974
161.707 30.3745
147.472 30.0998
172.766 30.5445
167.904 30.3887
140.246 30.2143
162.786 29.9062
140.048 30.1926
193.076 29.8581
205.352 29.7008
167.815 29.898
149.516 31.5019
141.975 30.8995
175.988 30.9057
176.839 31.0916
177.603 30.719
197.407 31.2869
187.444 30.6984
155.52 30.3271
123.868 30.4041
111.055 31.4721
111.055 30.901
144.37 31.5319
122.348 30.5675
109.419 30.6246
127.065 31.3659
107.495 31.558
127.357 30.2529
114.437 31.1015
122.134 31.1795
125.789 31.2311
127.624 30.6152
146.912 30.4991
81.3649 30.4626
125.65 31.2885
114.417 30.7954
120.779 30.7156
118.311 30.5959
116.081 30.3667
120.376 30.4612
187.188 30.1514
198.661 30.0034
162.787 30.8414
119.652 30.489
119.011 29.6361
113.305 30.0757
107.501 30.3797
167.912 30.3884
164.091 29.1081
141.597 30.8987
212.805 31.1388
199.926 30.8065
158.623 30.4441
164 29.9416
160.363 30.088
122.127 30.752
86.0891 30.9362
112.901 29.6516
181.456 31.0958
174.666 30.6722
180.891 29.6971
123.969 30.793
139.76 30.3294
129.121 30.3278
138.235 30.8206
87.0766 31.0299
154.685 31.6271
119.712 30.6166
107.624 30.7493
118.742 30.239
140.552 30.246
145.85 30.3084
114.29 30.3083
127.204 30.4712
119.403 30.5206
167.081 30.1616
132.077 31.3407
118.261 31.3374
127.776 30.5181
154.133 30.2094
112.956 30.5144
134.747 29.7903
99.2548 30.2937
99.4663 29.7834
170.505 29.3727
135.761 30.7653
123.294 30.2823
140.154 29.8472
162.3 30.9609
171.916 30.5601
107.034 29.9143
133.637 28.8733
121.516 29.7589
129.648 30.8921
122.076 30.5732
105.228 31.0039
111.305 30.9563
130.324 30.2127
126.04 30.0086
126.476 29.6563
128.586 30.3587
130.941 30.7589
134.759 30.8853
191.577 30.2487
129.763 30.5089
138.134 29.5441
155.936 30.6839
114.304 30.1395
149.093 30.1679
163.397 30.4085
197.815 30.9036
166.405 30.499
133.141 30.665
191.242 30.6209
174.635 30.561
146.618 30.43
133.484 30.0628
103.086 29.434
105.086 31.4661
72.2637 31.0332
89.6771 30.7813
100.726 30.8255
178.213 30.2758
147.796 30.4025
149.548 29.9726
157.569 30.372
91.4356 30.0611
156.5 30.2036
128.593 29.8296
103.911 30.1286
103.018 31.0315
111.5 30.2701
95.6942 30.303
96.0942 29.9985
70.5697 30.5306
82.7661 30.3398
93.8211 30.6861
108.516 29.4679
155.645 30.3047
117.762 31.2467
107.036 32.0782
115.154 30.0388
95.9133 30.3747
120.178 30.3236
80.914 30.491
112.371 30.5175
114.543 30.6115
128.537 30.7105
119.491 29.3662
140.731 29.2794
115.78 30.8792
99.8674 30.2255
113.669 30.6239
160.42 29.8529
83.703 30.301
110.108 30.3973
165.548 30.725
117.243 31.3197
126.323 31.2835
145.39 31.2036
156.347 30.6705
160.003 30.9397
143.996 30.8867
184.849 30.6558
197.348 29.9797
145.162 31.02
148.433 30.5777
146.166 30.3151
195.393 30.156
199.882 31.1321
136.746 31.3264
133.246 30.7365
115.348 30.5671
106.178 30.7314
147.527 31.1032
176.81 31.1581
195.406 29.9485
168.349 30.2176
137.82 30.1724
142.059 30.9251
166.027 30.9062
144.017 30.0979
142.531 31.4816
164.395 30.0128
212.047 30.4224
152.986 30.2141
203.555 30.1957
138.823 30.4795
116.915 30.1733
126.037 30.2216
134.473 30.2171
121.499 30.4367
73.6099 30.6591
92.0656 30.7931
106.659 31.138
110.463 30.1316
117.49 30.5333
144.916 29.7896
128.758 30.2271
138.938 30.8813
139.541 30.6942
152.155 30.7254
164.406 30.2625
170.32 29.9455
142.092 30.9409
140.602 30.7967
161.302 31.2102
88.1706 30.5791
106.458 31.86
97.8285 30.9445
97.8285 31.7274
172.524 30.3318
178.652 30.2774
158.732 30.8575
101.276 30.0853
78.8393 31.1584
114.436 29.9792
119.167 31.1527
112.055 31.2381
167.543 31.1822
153.903 31.179
125.357 30.3153
114.311 30.3239
144.448 29.8711
132.583 31.4373
125.501 30.6098
121.008 30.0305
98.8287 31.1888
128.287 30.3644
103.478 30.8485
97.0584 30.6403
138.933 30.6077
106.643 30.7515
152.303 31.1804
121.178 29.9259
131.765 30.2173
137.326 30.1839
169.039 30.9425
156.507 30.7902
140.564 32.3711
119.504 30.5355
162.813 30.5398
117.716 30.0152
103.191 30.099
160.261 30.4115
163.886 30.6719
160.689 30.9913
165.786 30.3278
162.886 29.7788
155.927 30.4776
179.356 30.6984
177.33 30.6526
135.762 29.7768
173.951 30.9897
150.42 30.2763
140.865 30.4651
150.533 30.7639
170.504 30.1685
135.588 30.9767
122.855 29.7386
97.4026 31.1373
113.878 30.0784
94.2498 29.9843
101.965 30.2561
124.84 30.2252
156.767 30.4941
149.246 30.4094
120.045 30.3514
150.314 30.4267
129.701 30.1413
114.84 29.8828
136.768 29.331
184.963 30.582
156.465 30.7878
141.627 31.5842
114.851 30.7806
161.643 30.8513
168.005 30.0591
159.154 32.1846
156.378 31.4215
138.453 30.6811
101.538 30.909
110.329 30.3833
139.037 30.1227
139.445 30.37
132.217 30.2875
132.906 30.1197
136.731 29.8047
150.938 30.6757
148.348 29.999
139.754 30.2862
131.506 30.1733
78.8793 30.785
116.66 30.7843
146.187 30.5778
138.756 31.9339
120.947 30.2266
96.1411 30.7209
101.894 30.532
95.6517 30.5121
130.45 30.9637
114.511 30.317
163.864 31.7392
181.071 30.5404
113.841 29.5353
198.388 30.3722
177.654 30.6391
151.552 30.7974
169.67 30.2058
176.845 29.1709
164.067 30.6925
171.152 30.6471
139.948 30.1213
163.911 30.1802
174.74 30.0508
156.384 30.299
123.055 30.3101
116.153 31.0532
101.36 30.5207
92.911 30.6944
100.439 31.3735
101.217 31.3735
111.512 30.5888
95.9838 31.201
107.919 30.9422
68.6776 30.2729
68.6776 31.3311
103.087 29.3931
138.716 30.4552
119.457 30.2799
139.286 30.7598
163.185 29.9619
155.669 30.204
163.153 31.1583
173.849 29.8124
127.01 31.2084
118.579 30.6088
155.301 31.0305
170.179 31.0931
88.255 30.2657
92.8319 30.2002
69.3231 30.5562
108.442 30.4746
100.576 29.5932
118.881 29.8035
116.448 30.6216
89.4425 29.8614
89.3729 30.5947
119.497 30.2981
153.528 30.6059
194.963 30.2403
196.902 30.1971
173.004 30.2996
162.339 30.5006
125.348 30.2401
127.215 30.6166
128.613 30.0598
143.635 30.14
171.285 30.5742
174.139 29.6275
95.7951 30.7169
97.0395 29.5751
122.796 30.4105
114.525 30.5767
98.1921 29.9913
104.656 31.2738
80.4538 31.1867
77.8064 30.3104
136.66 30.6323
146.768 29.9397
134.413 30.767
102.633 31.3876
207.533 30.8032
211.743 30.3125
187.694 30.3056
181.74 31.5576
122.379 30.2786
150.802 30.77
143.851 30.9464
160.393 30.924
183.246 30.2151
183.246 30.2291
150.823 30.2797
155.168 30.6485
157.099 29.8097
88.5805 31.0078
75.7933 30.8644
96.6461 31.2867
91.5414 30.9023
132.1 31.6424
142.407 31.6424
109.56 30.9473
103.179 30.1622
130.449 30.5362
104.273 30.289
107.576 30.9197
120.506 29.2131
105.975 30.4789
121.592 30.6323
113.519 30.5878
154.406 30.8033
159.639 31.0322
138.29 30.9267
154.849 31.2185
166.899 31.2436
148.307 30.3055
150.491 30.9581
143.835 30.2664
125.978 30.7389
110.977 30.6268
115.234 30.6685
114.242 30.9081
144.435 30.5078
159.385 30.5078
183.585 30.4692
150.163 31.1933
144.936 29.444
125.258 31.0359
163.223 30.9504
135.822 30.9501
136.593 30.2876
135.517 31.0608
93.0254 31.0852
144.903 30.3801
156.744 30.6682
149.526 30.5441
151.194 31.3123
181.502 30.5474
158.957 30.9097
143.537 30.6202
118.238 31.6596
117.436 30.4291
117.399 30.4402
144.379 30.8269
106.353 30.3447
109.798 29.5902
98.325 31.0498
123.568 31.047
137.876 30.7372
137.805 30.1234
181.01 30.9367
172.236 30.6748
167.374 30.5105
123.918 30.6412
131.194 30.0324
100.474 30.5153
140.262 30.5508
127.587 30.6696
99.9208 30.4364
100.38 30.8034
110.42 30.4698
172.681 30.552
175.235 29.8072
150.746 29.8697
121.182 30.8532
109.057 30.5342
149.058 30.5709
168.804 30.7588
171.996 30.0299
152.811 30.6784
143.135 30.8919
139.384 29.8547
126.415 30.1978
127.524 29.7285
139.666 30.1186
131.471 30.4254
151.546 31.0488
185.454 29.5743
138.618 31.873
157.188 30.1821
162.841 31.0732
134.761 31.1213
123.351 31.5379
118.403 31.8359
129.459 31.0797
127.86 29.387
131.284 31.2871
92.9098 30.8746
75.1807 30.3083
129.127 31.3914
113.911 30.1566
142.926 30.8366
112.61 30.945
121.636 30.1512
110.051 30.4325
107.612 30.4697
126.345 30.3653
137.435 31.4169
138.618 31.08
118.774 30.333
91.1349 30.1883
126.345 30.6209
162.007 31.223
144.722 29.7885
177.845 30.0067
138.898 29.8191
94.8027 30.3995
112.188 30.4394
138.328 30.0122
144.593 29.7557
139.266 30.4442
108.78 30.8492
92.6411 30.7844
144.202 30.7592
121.653 30.7589
108.986 30.8812
123.558 30.7633
101.886 30.8799
134.465 31.2081
106.095 30.2676
94.359 30.6346
129.821 30.7815
116.382 31.2215
190.601 30.029
191.223 29.7084
181.152 29.7111
189.957 30.4113
223.983 30.3491
215.825 30.7981
191.607 30.6624
164.429 30.0347
170.071 30.1704
126.544 31.286
107.986 31.0437
112.827 30.4218
153.331 30.1571
116.968 30.7032
102.852 31.3738
87.5528 30.8159
105.86 30.5776
131.763 30.5914
148.86 30.1959
146.935 30.2491
116.763 30.3433
116.708 29.9665
134.936 29.7939
137.342 30.3577
172.905 30.5332
169.783 31.1555
165.043 29.6341
196.341 30.045
189.911 30.8445
156.34 30.857
135.878 30.4219
133.554 30.2545
147.558 29.7255
164.166 29.7676
143.305 30.6746
133.846 30.9309
120.065 30.1188
157.204 29.8752
169.657 29.0727
147.01 30.8077
123.251 30.1783
172.196 30.2696
131.523 30.648
114.06 30.314
155.281 30.8041
99.0518 30.3601
162.019 30.7081
131.214 30.9093
140.937 30.441
147.542 30.5345
139.107 30.7901
120.811 29.6085
184.416 30.3039
221.221 30.6945
102.024 31.0571
152.806 30.5549
159.164 30.9151
180.439 29.7687
201.659 30.9061
172.348 30.4792
153.192 30.5757
145.585 30.0794
126.85 30.9098
184.708 30.0524
123.523 30.4262
161.737 29.7686
192.088 31.0494
171.908 31.0494
154.735 30.9998
183.456 30.2287
128.081 31.0064
113.192 29.4506
159.869 29.8146
118.537 31.1943
143.774 30.9923
109.541 30.6958
154.048 30.5866
212.78 30.97
187.22 29.6937
149.181 30.7944
119.816 31.5248
134.704 30.7231
125.753 29.868
108.515 30.0309
102.931 30.3481
94.3601 30.3149
129.575 30.1623
136.917 30.6142
119.062 30.3513
131.729 30.5457
116.152 30.5026
111.4 30.4797
118.224 29.9255
129.082 31.0564
140.287 30.9259
112.207 30.5303
116.79 30.884
90.2226 31.2717
96.9365 30.5098
129.717 30.6309
122.004 30.1316
116.196 31.7814
158.016 31.3025
186.456 30.2171
154.408 30.9195
136.685 30.2259
129.472 30.7026
126.714 31.8469
137.056 31.1806
132.791 29.8956
156.315 30.119
163.942 29.559
169.985 30.974
133.315 31.3264
142.237 30.5153
141.753 30.9733
156.675 30.3434
112.987 30.4009
88.6217 30.4073
70.2052 30.7308
120.836 30.1224
169.621 30.1401
193.456 30.8814
180.775 30.3718
79.0804 29.9435
179.003 30.4206
164.598 30.1319
124.044 30.2994
135.728 30.3955
135.682 29.7987
107.243 30.4908
101.809 30.5564
138.934 29.3035
132.235 30.552
117.221 30.6849
120.729 31.0239
139.1 30.6839
168.154 31.6129
109.454 31.1704
140.031 30.4529
172.726 31.4762
139.513 30.5523
173.81 31.2398
183.713 30.8874
127.602 30.3837
129.655 31.0805
112.001 30.8156
121.307 30.3184
96.6065 30.4498
134.621 30.6548
98.0485 31.138
143.987 31.3386
140.709 31.0477
144.666 29.9992
143.659 30.7512
135.893 30.4948
129.903 29.9094
104.019 30.1689
96.3249 30.151
110.208 30.0126
99.1767 30.4238
160.399 30.435
194.47 30.7165
197.092 30.2422
160.214 30.9191
132.869 29.6336
88.4707 30.8047
195.745 32.0097
144.938 29.5568
154.538 30.8945
117.936 29.888
103.541 30.8358
146.57 30.7246
115.148 31.58
77.8481 30.3052
152.082 30.3465
150.558 29.4874
156.955 30.6673
135.654 29.8163
163.791 29.5758
176.596 29.636
177.941 29.5637
80.5963 30.5858
103.867 30.9048
146.395 29.244
152.953 31.8144
146.262 30.351
140.072 31.2664
118.396 30.9826
132.333 30.854
118.318 30.3768
184.065 30.0142
165.443 30.3828
142.955 31.2321
148.118 30.9749
147.003 29.9186
127.939 30.6144
123.637 30.5627
156.529 31.1127
122.917 30.7584
130.931 31.1944
132.078 30.6056
135.237 30.2806
146.667 29.8091
130.6 30.1335
131.221 30.5243
131.027 31.3334
129.672 30.2211
131.913 30.6666
120.851 30.2111
156.47 30.4003
106.44 31.0114
111.05 30.5327
131.009 31.9974
151.57 30.9006
143.69 30.8579
119.654 30.5283
147.727 30.1794
131.488 30.4257
139.535 30.9319
105.838 29.2305
153.733 30.5893
121.476 30.1827
154.71 29.8508
123.626 31.1849
170.652 30.5684
144.421 30.7251
127.097 30.6225
112.694 30.2017
59.1545 30.6179
102.141 31.448
122.837 31.6553
111.373 30.8734
138.943 30.4301
140.704 30.0185
102.45 31.4464
92.9863 30.5677
143.538 30.7467
104.201 31.0546
129.604 31.0347
102.525 30.7037
104 31.0865
95.599 30.3387
97.051 30.9206
102.299 29.6081
110.986 30.7291
176.226 29.7462
153.432 30.5299
154.408 30.2956
166.328 30.9665
174.816 31.2
153.998 30.2372
139.417 30.2934
144.686 30.3213
152.392 29.6632
156.992 30.3341
153.38 31.0251
114.854 29.539
110.185 30.715
126.612 30.8129
117.771 30.1115
107.374 30.0675
124.088 30.0593
113.759 29.8938
122.916 30.3773
118.931 29.8166
159.422 30.4946
147.619 30.014
152.129 30.2023
148.725 29.8316
126.532 30.1413
168.815 30.0144
65.4995 30.9383
151.569 30.7213
134.668 30.6859
136.75 30.9103
148.399 29.7476
105.014 29.743
98.2869 31.0578
166.278 30.7713
107.412 31.5165
131.69 30.4238
139.48 29.7948
151.799 30.3041
132.115 31.478
106.424 30.6953
154.672 30.5602
159.949 29.442
139.113 30.3333
137.307 29.8886
109.536 31.0199
118.184 30.6507
107.472 30.41
141.296 30.4317
174.796 30.5123
221.916 30.4825
196.895 29.9861
172.116 30.7391
125.598 30.6448
105.957 30.3569
149.706 29.3997
149.756 31.0964
148.488 30.8081
172.396 30.6683
159.655 30.2096
150.657 31.3856
146.195 30.459
120.729 29.7398
126.371 29.5249
181.137 29.951
200.841 29.372
200.841 30.2084
248.042 30.3505
178.555 30.5257
169.914 30.0686
161.365 30.8468
171.242 30.2229
92.0196 31.2215
144.97 30.472
119.049 30.0454
190.06 30.1166
151.054 30.6526
154.663 30.8071
179.288 30.1322
163.851 31.0521
165.534 31.0821
183.317 30.6476
138.901 29.7632
170.235 30.711
200.503 31.0289
134.822 30.35
155.25 31.1614
164.722 31.2609
151.571 30.7347
182.102 30.7374
183.091 30.515
161.516 30.4333
190.724 29.3164
125.955 30.412
139.176 30.7451
99.5299 30.7469
112.436 30.2973
128.602 30.1177
119.214 30.1979
137.572 30.5845
160.671 30.7835
155.047 30.7126
145.858 30.7386
207.774 31.1058
150.952 29.8402
148.017 30.5618
154.363 30.0631
143.977 30.7372
206.226 30.4795
132.447 30.3749
123.593 30.7421
109.518 30.7623
146.211 29.4962
141.519 30.0057
137.013 30.432
177.746 30.612
153.602 31.0008
152.08 30.0418
176.613 30.7765
154.128 30.9221
140.643 30.8671
127.326 30.5343
176.555 30.7989
141.239 30.7182
101.904 30.6731
79.999 30.8331
95.455 30.4296
74.7986 30.3237
125.226 30.7322
145.004 30.5141
195.868 30.1726
207.045 30.1167
156.288 30.0795
169.317 29.9333
154.513 30.2031
136.836 29.9109
117.166 29.6596
117.166 31.0519
113.491 31.0698
125.623 30.2468
128.009 30.8728
131.478 29.6587
128.633 31.6164
135 30.5593
151.82 30.5709
150.897 30.6782
145.822 30.0983
126.009 30.1177
154.553 30.3343
147.135 30.3381
161.395 30.0302
160.412 30.6053
124.882 30.9364
128.67 30.4049
96.6288 30.6053
141.492 30.7173
146.992 31.3627
175.494 29.5636
149.37 30.3907
118.157 30.1765
123.709 30.0941
128.62 30.3456
118.869 30.2138
138.94 30.2145
138.94 31.0351
146.47 30.3716
96.9009 30.7571
73.291 30.7677
96.1123 29.8949
134.758 29.9997
136.845 30.1042
140.458 30.4442
201.098 29.7617
98.4488 30.1497
104.232 30.1408
148.407 31.2896
138.065 30.6556
111.849 29.831
114.467 29.9184
100.715 29.7342
79.9677 30.1335
75.3212 30.5417
99.2921 31.0448
92.1983 30.9963
84.5808 30.752
122.97 30.846
137.21 29.9962
137.956 30.8255
161.997 30.8671
171.776 31.0488
162.989 31.2219
181.059 29.8947
145.089 31.1297
153.614 30.4673
164.339 30.4599
123.223 31.184
103.881 31.6166
154.286 30.5616
152.145 30.4335
125.057 31.0786
129.198 31.0622
119.066 30.4144
146.04 30.8095
139.34 30.3856
101.778 30.0732
101.778 30.3868
171.293 29.4249
218.783 30.8067
211.104 30.5132
155.504 30.2783
149.54 30.6465
147.716 29.5506
161.075 30.3007
125.42 30.1946
144.631 29.4449
151.715 31.2671
130.816 30.7816
153.897 30.9386
162.717 29.6549
171.597 30.0678
174.199 30.1527
156.06 29.9681
96.2348 30.5319
90.6435 30.6092
81.404 30.674
110.731 30.3738
138.227 30.8368
138.227 30.7961
140.596 30.729
144.44 30.1659
124.656 30.3524
161.359 30.8704
106.026 30.7332
116.809 30.4783
153.451 31.2273
176.158 30.5909
155.047 30.578
176.145 30.7803
153.658 30.3888
127.87 30.0394
159.434 30.9797
155.643 30.1772
154.835 30.9169
141.289 28.6377
124.308 30.595
150.343 31.1441
183.367 30.478
148.741 30.644
89.7486 30.4361
87.4896 30.4982
95.4741 30.3713
83.1599 30.3587
128.012 31.7817
119.406 31.5614
118.759 30.4426
95.6609 30.5342
103.923 29.9541
115.957 30.9747
102.699 30.5588
124.212 31.0914
137.12 30.717
143.395 30.7919
128.406 31.0429
187.525 29.3047
151.712 30.1938
113.61 29.5172
95.3374 31.7397
96.7112 30.9102
109.098 29.4432
147.082 29.9984
136.294 30.3427
148.142 30.4541
175.463 30.6385
174.855 30.605
143.764 30.6084
134.084 30.6026
177.654 30.5991
178.716 30.6518
138.232 30.3406
157.83 29.7992
150.027 30.924
150.596 30.3279
175.024 31.3638
175.503 30.7988
145.107 29.8392
154.654 29.8848
145.846 29.4964
151.53 30.2585
114.745 30.0004
153.671 31.0531
162.863 31.3254
84.003 31.145
135.196 30.9095
119.812 31.2188
96.0147 30.4533
169.677 31.0145
147.818 29.3029
149.422 30.3541
162.844 29.9252
171.553 30.4025
168.973 31.706
180.501 30.7965
137.154 30.0061
147.35 30.3531
184.838 30.9652
132.899 32.4597
132.077 30.1907
128.419 30.3432
129.482 31.5377
148.662 31.1649
164.128 30.2711
94.8618 30.413
91.216 30.5569
137.575 31.4362
101.144 30.7075
149.675 30.641
162.985 29.9852
134.462 30.6549
132.245 30.1172
115.297 30.7617
94.8715 30.8327
106.062 31.3091
172.143 29.8814
114.653 29.0906
99.5431 30.4708
70.028 30.4934
162.628 29.9753
112.096 31.1039
100.611 30.298
135.7 30.7998
90.2213 30.8721
119.852 31.3919
124.798 30.8116
122.376 29.4732
115.236 29.6781
91.4977 30.3113
117.746 30.5078
130.675 31.3399
140.876 30.5224
148.349 30.697
147.116 30.4524
128.827 30.7771
122.915 30.1979
137.137 30.3066
142.696 30.3332
181.28 30.3685
168.813 30.4258
119.393 31.1799
94.5638 30.9019
119.89 29.4812
140.554 31.0247
133.712 30.0977
144.198 29.9643
140.859 30.4964
134.937 30.1797
133.404 31.0391
136.358 30.8617
134.794 31.2005
140.644 29.2563
119.514 29.3306
153.203 29.742
122.887 31.2935
131.335 30.2327
156.351 29.9164
115.986 30.5322
115.442 30.2107
147.801 31.4135
202.238 30.7618
153.069 31.4818
146.358 31.4551
146.921 30.8071
156.532 30.2731
145.741 30.1947
128.395 31.0443
119.655 30.6342
110.688 31.8111
141.404 31.9022
138.036 31.0815
165.394 30.8214
135.872 30.5453
128.686 29.856
156.936 29.9884
129.45 29.6724
142.733 29.7387
102.374 31.8389
119.077 30.6316
115.599 29.9162
111.952 30.2682
139.371 30.7495
130.403 30.0892
96.879 30.3673
115.068 31.1072
115.217 30.1185
153.787 30.4018
136.703 30.2661
127.361 29.6582
122.396 30.031
115.766 29.6813
134.824 30.7853
138.495 30.4639
132.078 30.5417
136.641 30.7818
158.824 30.0853
132.594 30.1587
143.614 30.2835
218.897 30.3982
129.781 30.1879
139.039 30.2753
172.783 30.6091
164.535 30.392
176.239 30.1893
154.067 29.2321
146.03 30.9539
114.091 31.2902
117.861 30.1541
132.15 32.1103
108.567 31.0401
122.119 29.4311
155.725 31.7237
147.684 31.1514
173.855 29.998
105.414 29.6317
109.587 30.2426
146.413 30.8431
115.069 31.467
128.727 31.069
147.581 29.6785
128.57 30.7528
122.63 31.1194
159.63 30.4494
135.725 30.5061
161.854 30.6258
208.955 30.6339
124.287 29.8356
143.981 30.5186
144.371 31.0609
137.499 30.4299
199.242 30.888
199.242 30.2202
163.742 29.5321
118.587 31.1198
149.683 31.5149
156.771 30.1109
133.836 30.6462
132.5 29.7031
134.098 29.4426
110.638 30.4603
129.002 30.3708
126.194 30.1304
113.814 30.3581
108.172 30.1067
120.902 30.2197
92.1314 29.779
159.335 30.2121
143.976 30.394
119.005 30.9886
136.846 30.8833
109.832 31.1384
143.082 30.3491
154.376 30.3082
143.584 31.1132
102.271 30.5632
105.027 30.0268
135.37 30.3073
182.843 30.433
176.737 30.5713
167.481 30.0654
176.737 29.0203
138.697 30.0188
127.232 29.7192
122.342 31.0118
113.858 30.5617
120.486 30.6457
174.931 30.7127
160.953 29.7383
143.183 30.9957
163.679 30.3254
101.179 29.5115
119.313 29.9372
159.569 29.9939
135.382 29.4418
123.348 30.3136
151.416 30.028
132.017 29.8788
98.7518 30.2324
114.366 30.2128
92.2049 30.1538
96.6415 29.4425
132.794 31.0047
181.656 30.088
151.672 30.3981
137.967 30.8242
111.773 31.0881
111.773 31.0484
133.988 30.8896
125.998 30.6419
139.474 31.3347
129.36 30.278
148.905 30.2685
136.595 30.1461
174.991 31.6444
173.559 30.1947
139.433 30.1729
149.839 30.5399
140.605 30.7639
132.712 30.6021
64.4842 29.7252
101.624 29.7797
138.479 30.667
169.385 30.3699
147.908 30.3202
140.95 29.9566
142.273 31.0658
140.182 31.3505
128.914 30.77
147.58 30.9865
154.382 30.5715
157.5 31.0131
157.622 30.1374
150.913 30.1153
76.9653 30.8821
119.647 30.947
111.719 30.609
97.8232 30.1884
142.224 30.4176
136.821 30.6393
133.967 30.7107
119.849 30.3383
105.095 30.8559
155.321 30.1788
152.372 29.9465
136.379 30.132
114.693 30.8891
118.87 30.588
153.629 30.5962
187.819 29.2898
141.991 30.7289
103.95 31.0093
87.0956 31.8479
102.343 30.1482
83.6923 31.609
104.813 30.3133
108.865 29.7961
113.805 31.0391
120.596 30.7229
113.098 30.3354
128.096 30.8395
121.265 30.3278
150.821 30.1069
170.948 30.4115
154.754 30.7183
150.281 30.31
165.804 30.6262
160.911 30.8399
148.211 30.5977
137.969 30.2002
131.454 30.0171
141.659 31.2577
135.018 30.6751
114.03 31.0942
139.609 30.5876
93.6469 29.9777
100.832 30.4366
130.441 30.9242
142.689 31.1664
112.209 30.7855
100.268 30.4619
119.964 30.3504
125.314 30.6539
123.036 31.0072
124.184 29.8995
126.885 29.8039
175.239 29.846
151.519 29.7475
199.002 29.5568
159.838 29.774
178.821 30.9463
171.479 30.5376
184.56 30.5246
106.016 30.0481
128.364 30.6017
138.326 29.9506
95.5696 30.1409
97.9646 30.3789
101.297 31.1576
117.984 31.5211
145.581 30.62
118.695 30.0271
90.9518 31.1836
104.554 31.083
106.08 29.4824
180.887 30.3454
203.296 30.0945
197.805 30.4862
151.709 30.1886
183.733 29.9589
110.641 30.4086
110.617 30.26
162.588 29.6085
154.286 30.6034
104.016 30.4077
111.17 31.3461
131.775 31.2804
180.126 30.8491
196.98 30.2482
127.748 30.5868
127.584 31.0747
148.226 31.0755
158.911 31.3568
171.414 29.3918
175.667 30.3185
111.73 30.3944
119.646 29.8577
142.705 30.3194
106.42 30.4533
171.013 30.4517
110.433 30.1653
161.532 30.8172
143.132 30.9302
120.195 30.6573
129.205 31.0971
153.193 30.3856
149.291 30.0234
156.009 30.3848
165.772 30.3179
137.896 30.5013
157.161 31.6826
148.189 30.5052
177.703 30.5269
203.308 30.7386
123.737 30.4422
136.956 30.318
131.498 30.2676
126.965 30.2676
121.227 29.6999
132.545 29.8179
103.908 30.2878
131.691 30.9368
95.7716 30.7457
77.5577 30.6938
158.486 30.3703
154.968 30.6927
151.037 31.0708
142.911 29.7105
152.006 31.9706
122.826 31.5567
136.665 31.5288
134.941 31.6939
112.17 29.7207
94.6988 30.5271
108.709 30.7864
132.495 30.4556
136.601 30.09
136.407 30.2129
145.815 29.9886
134.724 30.0086
162.56 29.9771
164.961 30.0409
126.677 30.0067
89.7993 30.1687
108.841 29.4034
93.2088 30.7442
93.2088 29.9432
107.668 31.4253
141.984 30.1342
160.149 30.7926
165.58 31.0859
119.432 29.815
147.995 29.9892
142.268 29.8598
170.607 30.4492
146.034 30.9029
130.162 30.0272
111.077 31.0492
101.152 30.0844
121.203 31.005
143.017 30.556
100.622 30.9294
88.526 30.7938
157.458 30.6832
88.2385 30.6569
94.3302 31.4978
120.988 30.8759
125.473 31.0216
117.083 30.9872
112.83 30.0981
168.584 29.8012
145.908 31.3397
163.686 30.6334
169.147 30.1962
178.731 30.3033
138.09 30.4057
147.186 30.569
117.539 30.6209
164.449 29.4818
123.265 30.4212
144.506 30.6971
142.949 30.4489
129.1 30.5864
134.186 30.3525
125.799 30.5612
123.479 29.4008
133.972 30.3226
122.497 30.774
141.105 30.5779
183.735 30.0486
171.756 29.8681
172.579 29.8418
137.322 30.4102
156.602 30.3491
130.818 30.3491
89.4501 30.2547
72.9135 30.5306
80.4449 30.4025
99.3811 30.37
106.123 31.0416
109.539 30.4061
100.296 30.3303
83.1762 31.1172
112.735 30.6527
116.548 30.351
120 31.2389
167.219 30.1146
147.981 30.1141
153.471 30.8652
147.847 30.4797
144.938 30.7644
159.815 30.6286
155.621 30.7558
131.685 29.8219
208.608 29.8596
158.793 30.6759
150.278 30.6308
162.004 31.1304
134.908 30.2517
138.78 30.6919
121.661 30.4964
169.851 30.3655
157.258 29.6537
134.318 30.1298
149.122 30.5897
112.93 30.8664
98.7005 29.7112
111.047 29.953
139.166 30.1303
134.08 30.1863
111.514 31.0726
121.279 30.6441
100.429 30.0727
88.2174 30.1292
99.6438 31.3863
156.253 29.3489
177.986 30.4904
153.111 30.4904
185.066 30.3282
185.29 30.5512
182.365 30.9496
204.344 31.2891
103.66 31.0299
116.478 30.8285
120.023 30.2887
137.567 29.792
114.583 31.7477
95.6633 31.4405
125.842 31.4012
139.328 30.977
182.378 31.0168
190.116 30.1884
142.633 31.9688
154.087 30.9108
146.537 30.22
142.583 29.8295
146.453 30.8949
147.939 30.6527
144.101 29.8415
140.251 30.9297
135.917 30.6554
119.374 30.7693
122.47 30.593
101.411 29.7913
200.197 30.1809
138.602 31.2582
202.691 31.248
153.929 29.5174
146.894 29.4311
129.93 30.8742
93.4737 30.5999
100.152 30.9991
148.781 31.0383
141.527 30.8711
116.674 30.4408
148.352 30.9407
144.555 30.7208
165.967 30.4542
142.759 30.5113
183.303 29.6945
174.18 30.2582
130.901 30.5385
130.445 30.9153
110.36 30.8855
96.9192 30.9058
123.817 29.751
176.762 30.2486
189.354 31.0297
144.479 31.2355
148.683 30.4033
149.63 30.6305
162.385 29.7948
172.049 30.3326
191.723 30.269
136.68 30.3978
173.584 29.8629
141.45 29.7073
131.325 31.0183
158.545 30.8868
97.9425 30.1048
149.604 31.4082
112.758 30.9507
130.651 30.3599
126.182 30.4599
106.983 29.7381
142.794 29.6919
121.207 29.8988
114.168 30.6628
148.49 30.8929
160.943 30.2367
168.618 31.2754
169.564 29.9081
171.082 30.4796
143.779 30.8222
154.362 30.5696
157.41 31.1377
110.322 30.1897
125.313 30.644
105.731 30.5274
100.152 30.0886
129.385 30.6676
131.802 30.1005
181.967 29.8741
195.265 30.837
131.856 30.7575
131.156 30.6585
109.546 30.5249
154.241 30.1918
115.581 30.1364
114.311 29.4037
165.476 30.9179
160.129 30.1151
137.107 30.9316
138.798 30.5224
107.853 30.8903
127.057 30.5131
105.637 30.2797
125.592 30.7804
130.214 30.8402
142.626 30.797
77.6908 29.7886
101.332 29.439
108.007 30.5176
153.866 30.116
160.813 29.4484
161.21 29.0756
152.431 30.714
155.627 31.0829
163.426 29.1755
138.521 30.8996
148.329 30.0922
125.705 31.071
86.8342 30.8823
137.499 30.9052
149.532 30.6893
185.828 31.0469
123.477 31.7324
158.087 31.3521
168.299 30.6864
174.623 30.752
174.371 30.5471
165.545 30.5688
170.012 29.9914
159.778 31.2381
176.214 30.7573
187.08 30.1552
166.175 29.2947
137.682 29.3193
118.731 30.0871
138.194 29.8967
148.345 30.961
138.772 30.8254
177.34 30.8229
131.234 30.3181
143.739 30.2864
140.532 30.5531
129.249 30.7765
80.7772 30.872
83.748 30.1284
151.652 29.8554
148.612 30.1922
136.124 31.0564
132.438 30.1037
109.231 30.1745
113.545 30.273
128.592 30.3303
112.024 31.0461
129.36 30.3987
146.272 29.6591
143.953 31.0209
106.22 31.1601
107.356 30.5125
89.8971 30.3887
120.334 31.1399
139.311 30.1282
119.279 31.7567
124.708 30.6154
162.461 30.6556
163.011 30.8607
164.128 30.1338
142.194 30.1649
144.842 30.784
89.8859 30.5776
81.8155 30.9899
110.734 30.323
136.435 30.3401
134.563 30.4271
138.541 29.3507
111.996 31.3497
130.991 29.8681
169.785 31.1616
151.523 31.2237
183.837 31.0426
163.495 30.2367
120.598 31.5034
171.369 30.6109
120.549 31.0783
191.564 30.1819
142.9 30.3842
135.326 29.744
139.633 30.0402
118.907 30.5276
110.996 30.8152
131.576 30.2385
121.344 30.1486
96.0401 30.6251
126.346 30.594
150.7 31.1009
147.3 30.1766
135.928 30.6661
146.664 30.5865
145.299 30.4505
128.523 30.1453
135.085 30.4291
159.914 30.4075
182.485 30.851
179.185 29.583
160.796 30.4606
122.922 30.2957
155.181 29.5755
116.528 29.8863
132.771 31.1459
117.491 30.6088
112.431 30.4255
113.462 31.1675
112.793 30.676
117.968 30.688
161.852 30.4359
110.801 30.3362
88.8351 30.3176
108.107 29.5028
102.32 30.2276
68.7625 30.759
102.473 30.4117
126.991 30.5727
112.027 31.3983
90.5342 30.2648
120.87 31.1808
127.757 30.2344
156.211 31.006
149.374 29.9807
131.657 29.1148
122.211 29.965
123.269 30.1143
124.939 30.8826
105.655 30.9169
122.493 30.9484
94.8105 31.2466
125.362 30.8008
134.669 30.0507
104.637 30.2305
97.4464 30.29
122.089 31.2892
144.823 31.2166
169.87 30.9022
133.533 31.1646
121.596 30.005
142.373 30.0085
103.518 29.4807
109.952 31.0391
109.873 30.4596
107.339 30.6616
73.9489 30.021
110.82 31.3911
107.122 31.01
118.839 31.3111
155.771 30.8144
147.382 30.7471
125.356 30.8218
156.649 29.7416
137.004 30.4187
170.471 30.2865
160.66 30.4049
117.026 30.7256
106.842 30.4711
109.924 29.4405
154.257 30.4378
159.077 30.2248
156.544 30.5946
141.289 30.0122
181.024 30.2774
157.116 31.1014
149.867 30.7721
166.299 30.2302
141.565 31.1032
133.758 31.049
112.097 30.8473
120.344 30.3941
134.113 30.4827
119.687 29.913
119.687 29.611
97.9448 30.3545
82.7624 30.6679
117.344 29.8416
108.536 31.4708
98.6383 31.0991
124.729 30.7285
106.191 30.1807
108.741 30.4017
108.828 30.1975
114.408 30.0327
107.542 30.4147
107.495 30.9532
100.728 31.2806
109.883 30.4242
101.542 30.4538
94.7279 30.7024
160.287 30.5376
179.29 29.5847
171.952 30.1034
192.706 29.6877
147.64 30.2073
159.331 29.013
133.446 30.067
114.711 30.3789
101.164 30.2655
116.255 30.3405
137.759 30.2591
141.739 30.7705
129.962 31.7695
133.365 30.5234
131.216 31.3526
140.602 30.3322
186.194 29.923
117.197 30.9187
93.3891 29.4686
128.764 30.3977
160.552 30.952
160.525 30.4893
131.506 30.1452
120.5 30.2997
160.392 30.2893
139.562 30.9082
108.083 29.8579
122.713 29.7141
105.835 31.3445
124.514 30.3952
162.211 29.9786
189.281 30.3824
168.326 30.6283
104.107 30.2674
100.396 31.016
168.219 30.2928
180.945 30.1712
150.564 29.8944
144.584 29.6994
137.259 29.667
145.57 29.779
189.443 30.1635
131.745 31.3317
187.673 30.8054
187.673 30.744
174.862 30.9099
138.571 30.7496
132.128 30.7823
133.313 30.9984
157.759 30.7544
121.509 30.592
159.554 30.0477
153.453 29.2068
111.24 30.7843
99.1303 29.8323
110.451 30.5467
100.268 30.4993
147.913 29.9147
156.024 30.8103
110.673 30.2062
116.817 30.1184
119.223 30.3693
89.3275 30.0611
101.559 29.8707
109.848 30.8508
155.942 30.8629
193.408 30.4288
186.409 30.4518
123.948 30.1182
116.257 31.072
130.7 30.7529
119.689 30.7157
138.828 30.4286
132.395 30.3189
196.985 31.1422
194.702 30.9257
163.322 31.1729
157.875 30.5707
148.724 30.2179
162.017 29.9355
159 30.95
133.824 30.7733
125.145 30.5381
130.485 31.5524
150.692 29.8445
150.835 30.6274
152.693 30.5869
145.582 30.1301
138 30.9871
108.224 29.3335
108.037 30.1719
183.222 30.1032
175.812 30.0016
116.057 30.1916
146.289 30.0453
133.168 29.7371
151.419 29.9906
151.091 30.1404
150.895 29.9146
177.006 30.0381
176.46 29.9154
153.895 30.0522
168.3 30.1931
183.992 30.3346
132.371 30.4296
134.907 30.5691
122.871 30.3411
100.118 30.2443
120.485 30.6415
136.446 30.6944
140.026 30.6445
141.095 31.2536
149.594 30.7571
158.001 30.5335
150.102 30.3959
196.212 30.2584
162.974 29.504
156.365 30.7584
153.343 30.685
155.578 30.6754
155.317 30.6925
132.16 30.6911
115.318 30.7303
132.392 30.4216
111.934 30.7835
100.045 31.1219
110.333 30.7547
94.5937 30.8377
101.067 30.7409
112.251 29.962
100.699 30.7694
139.18 31.5277
98.8205 29.691
91.3691 30.6681
140.468 30.6701
163.111 30.4374
199.442 29.7761
141.071 31.5848
143.352 30.518
113.276 30.1649
113.461 30.9681
123.491 30.7681
181.335 29.8776
145.826 30.1668
144.116 30.6932
187.619 30.1889
169.189 30.1673
168.366 30.714
144.727 31.3341
146.01 30.0187
145.186 30.382
113.874 30.1796
169.818 29.5273
102.963 30.6354
90.113 30.9494
127.262 30.5282
157.05 30.002
122.902 30.7266
114.969 30.3692
99.4337 30.2514
101.447 29.8616
95.1638 30.35
79.449 30.5106
169.402 29.9693
120.939 29.839
154.359 30.1922
135.32 29.2898
146.395 31.2698
103.951 31.4499
116.487 29.7175
157.964 30.5464
157.964 30.4275
143.568 30.3603
180.46 30.7346
198.364 29.8811
185.422 31.1765
169.223 30.9562
154.276 30.7065
134.035 30.1512
119.933 30.5606
115.37 31.0753
70.528 30.3831
110.651 30.3656
113.18 31.0129
152.061 30.495
160.28 30.2306
135.778 30.9402
192.821 30.7793
214.34 30.5448
214.347 29.9007
140.034 31.0135
109.545 30.7199
144.313 31.6967
155.624 29.5651
202.785 29.9268
193.038 30.886
124.794 31.1128
132.242 30.9011
144.546 31.0161
115.97 31.1055
144.837 30.1601
165.455 30.0036
133.442 30.0685
118.936 30.9271
94.5341 30.7666
105.917 31.0209
126.775 30.1872
105.425 30.3891
140.192 30.4421
101.063 30.4383
120.271 30.4426
152.55 31.0307
90.3777 31.4942
141.878 29.0767
131.467 29.7663
126.036 30.2865
124.903 30.236
125.022 30.2313
131.895 31.3612
129.148 30.1982
123.23 30.0142
182.819 29.0309
129.084 30.7813
132.737 30.5345
114.294 30.4618
108.219 30.4364
111.916 30.1439
142.449 30.6046
188.784 29.937
174.036 30.7198
112.827 30.5862
128.967 30.026
201.995 30.3601
187.637 29.8998
172.718 30.0024
189.656 29.7044
118.389 30.3112
127.67 29.2459
114.183 31.0969
126.183 31.1951
135.826 31.0904
101.544 30.8422
137.555 29.7275
131.302 30.4081
115.742 30.8361
114.667 30.9015
108.891 30.2352
102.795 30.9042
96.9622 30.7053
149.474 30.4818
162.906 30.7531
143.83 31.2799
127.579 29.8687
104.858 30.5111
94.5892 30.3002
164.565 30.4876
163.827 29.9703
147.966 31.6961
118.12 30.8777
122.29 30.6348
169.099 30.3879
104.89 31.0045
101.368 30.8513
107.742 30.7006
157.72 31.414
161.825 29.8356
123.29 30.9873
124.732 30.7888
114.173 30.6387
110.88 30.2069
106.791 30.8346
94.4297 30.5989
99.8429 30.5132
70.9452 30.9546
120.802 30.6536
118.923 30.4551
120.99 30.8232
135.019 30.5244
163.051 30.5102
156.042 30.7728
144.668 30.1834
174.07 30.2166
147.189 30.2691
144.099 30.292
136.258 30.0859
136.908 30.2457
128.493 30.4436
165.563 29.8256
159.4 29.9609
173.647 29.951
137.351 30.5243
141.184 30.2138
132.36 31.1367
100.049 31.8493
104.772 30.0201
143.997 30.6913
134.439 30.6686
138.965 30.8237
139.518 30.453
142.248 29.8695
141.245 30.8968
134.691 30.5149
131.146 30.5533
138.328 30.7442
141.854 30.5186
147.534 30.7439
151.45 30.9597
150.371 30.8025
135.581 29.9319
167.984 30.6302
135.73 30.4788
148.58 30.9481
151.905 31.023
134.949 30.1443
137 29.8739
112.944 30.4883
99.8946 30.0663
116.711 30.1458
92.8198 30.083
92.2855 30.1174
104.627 30.7316
116.712 30.9075
105.734 31.2172
134.99 30.7033
126.867 31.0114
141.264 30.5321
86.713 30.3617
113.917 30.998
131.7 30.053
131.135 30.315
136.586 30.481
147.736 30.3112
142.271 30.009
165.019 30.8809
138.962 31.1374
150.983 30.5538
144.672 30.5836
100.441 30.3936
167.453 30.4802
148.845 31.1579
137.565 30.9289
102.78 30.6373
122.525 29.7041
133.186 30.6926
168.106 29.9336
124.001 29.8844
102.067 30.0023
114.96 29.9366
185.669 31.4682
168.849 30.5074
114.041 30.018
131.237 29.6596
163.935 30.4629
119.679 29.9245
141.776 29.7899
112.243 30.3878
135.993 30.2432
134.678 31.4194
152.05 30.2804
155.419 30.4265
111.488 31.4373
125.492 29.6248
147.371 30.142
137.98 31.2213
139.097 29.9084
183.579 30.9318
201.635 30.6798
95.6528 29.9149
122.701 31.1129
118.567 29.6602
154.392 29.3919
171.918 31.1349
150.588 29.6867
110.129 29.488
133.18 30.4413
95.5091 30.1475
101.365 30.14
126.705 29.6535
125.056 29.5176
124.42 29.3682
120.87 31.5308
111.145 29.9178
105.295 29.5571
131.502 30.3356
93.1033 30.3353
118.516 30.5215
127.134 31.5194
112.652 31.0611
106.275 31.1347
106.275 30.5063
106.275 29.8731
124.14 31.0929
112.069 29.4277
135.681 29.5651
115.016 30.5964
136.915 31.3382
127.379 30.9464
119.338 30.042
171.813 30.6159
176.774 29.2373
123.516 30.2793
152.201 30.1394
178.194 29.9989
209.205 30.0453
128.793 30.6303
128.055 30.6404
147.392 30.298
162.902 30.1274
150.031 30.6146
111.646 30.1503
130.054 30.195
102.515 30.3797
107.012 29.3592
94.9349 30.418
125.191 30.6053
125.42 30.4069
125.093 30.4334
135.76 30.6141
138.446 30.6525
136.431 30.4829
132.628 30.5962
97.3464 29.8288
134.37 30.3203
88.91 30.2976
123.345 30.229
141.929 31.1178
126.651 30.1675
108.23 30.5108
186.428 31.481
173.751 30.1164
167.443 31.0026
138.994 30.8878
138.75 30.7556
160.728 30.3312
161.078 30.9154
168.351 30.0651
136.306 30.0994
139.039 30.2183
120.695 30.4603
119.527 30.7582
127.166 31.6781
89.6671 30.1599
72.7653 31.3991
106.31 31.1891
131.529 29.5891
163.258 29.9467
142.215 31.1252
153.418 31.0415
140.183 30.6178
124.171 30.5467
156.445 29.6073
122.691 30.1897
122.901 31.2904
125.617 30.1597
126.229 30.7888
126.276 30.2176
136.618 30.8315
145.066 31.1269
129.765 30.0311
109.828 31.5988
117.7 30.559
149.902 30.6227
135.526 30.4163
129.886 30.082
125.557 29.8615
120.45 30.2133
120.025 30.32
160.186 30.2342
159.151 30.5806
166.403 30.3313
125.854 31.5694
128.842 30.0097
132.256 29.8496
147.746 29.8934
154.98 29.7681
219.845 30.7953
146.687 30.5943
156.83 30.8464
178.099 31.6314
225.611 30.8467
137.658 31.3251
110.78 30.5059
151.924 29.9305
138.415 30.0374
125.918 31.6677
136.679 29.4982
129.018 30.9313
151.524 29.3396
119.884 30.6125
80.7942 30.6639
56.147 31.2829
84.4998 31.5178
94.3998 30.2037
128.339 31.1178
122.236 30.5163
105.842 29.2544
106.381 30.0631
109.099 31.0655
112.966 30.9761
113.862 29.9292
104.652 30.0579
174.812 30.1027
154.994 30.8343
156.415 31.4072
155.745 31.3137
104.822 31.2315
154.491 31.242
149.24 30.3356
156.873 29.3955
134.816 30.3724
128.479 30.1934
119.373 29.5305
129.97 31.6895
136.714 30.3904
167.144 30.6422
114.477 31.0758
126.848 30.8264
160.644 29.9156
165.993 30.4709
151.246 30.1872
176.382 30.6971
96.9671 30.36
136.754 29.562
116.414 29.7644
136.183 30.1442
131.445 28.7183
156.098 31.0763
150.398 30.8102
158.655 30.9817
220.361 30.716
182.906 31.0402
152.775 30.3863
189.012 30.7845
158.206 31.222
136.68 31.7061
109.286 30.5351
176.577 30.6838
136.142 30.2577
164.614 30.7984
139.355 30.1829
197.92 29.8177
229.026 29.64
182.855 30.1667
149.237 29.6812
102.792 29.8419
94.6138 30.092
88.4364 30.8261
130.052 30.5707
145.186 30.4694
138.801 30.5168
129.743 30.9104
123.717 29.9649
121.491 30.173
102.435 31.0336
132.646 30.0096
178.123 30.4197
132.538 30.7939
143.511 30.3012
140.496 30.1776
147.353 30.7688
143.982 29.8864
118.132 31.0096
81.0067 30.7727
100.844 29.9188
140.156 30.1698
84.1267 29.9015
102.355 29.8517
96.8186 30.0744
118.829 30.1958
109.386 30.3591
103.222 30.4609
156.797 30.1954
118.953 30.1917
169.032 30.493
129.354 29.7012
134.445 29.5961
147.873 29.8575
147.407 30.2498
142.171 31.247
153.871 30.6141
178.12 29.9368
174.256 31.0466
166.29 30.9372
137.838 30.3627
115.359 30.6891
123.22 29.814
171.233 30.0611
149.15 30.525
147.807 29.9347
150.12 31.0645
151.652 31.1795
123.981 31.2158
117.848 30.6756
83.4684 30.1929
86.2296 30.6613
92.2114 29.7692
88.0548 31.141
88.9933 30.5403
94.3255 31.4677
102.739 29.993
91.5742 29.8815
93.4761 30.6769
97.0961 31.4803
98.5264 30.2462
92.3333 31.0825
123.934 30.014
112.803 30.5366
126.82 30.8691
167.535 30.8775
144.393 30.1961
148.01 30.6767
125.616 31.1562
179.007 30.2346
131.673 31.8212
133.244 29.797
140.32 29.7603
111.797 29.8881
118.378 31.1696
171.023 29.9084
173.542 31.8752
158.594 30.7766
150.758 30.7398
155.693 30.211
159.457 29.7451
115.493 30.1768
170.526 29.9499
170.98 31.1169
113.673 30.7913
166.415 30.5753
152.007 30.8436
125.891 30.0895
124.945 29.6667
124.305 29.9911
139.281 30.9797
139.507 30.5624
100.427 30.6581
143.587 31.5267
86.6811 30.6956
71.9351 30.9284
82.8369 30.993
103.574 31.7793
152.919 30.5195
98.0697 30.3413
154.575 29.1853
129.48 30.5885
143.305 30.0315
151.575 30.4459
142.485 30.4768
175.625 30.8472
115.034 31.2237
125.241 30.3183
125.867 30.1136
112.491 30.7481
86.7147 29.3704
88.1552 30.7184
109.019 30.6244
76.1441 30.9066
93.8402 30.8322
87.7656 31.2099
113.548 30.5309
121.695 29.8184
91.6359 30.9447
82.8008 30.9914
130.079 30.5583
115.463 30.5091
149.955 30.1777
188.088 30.0901
194.305 30.8118
164.755 30.6913
131.585 30.1258
204.53 29.8447
147.198 29.869
148.066 29.9179
123.845 30.107
129.415 30.0528
122.632 29.8921
174.147 29.3948
168.552 29.9625
143.52 29.9305
152.045 30.6695
137.837 30.2168
157.674 29.7784
176.806 29.9876
126.473 30.1176
145.35 30.5628
136.427 30.5823
117.608 31.5162
92.069 30.7722
101.722 31.1446
126.338 30.9226
206.35 30.7073
206.35 30.7165
175.156 30.0808
194.272 30.5864
195.309 30.2237
186.952 30.5081
135.735 30.8475
134.119 29.9468
143.759 29.7433
165.73 29.7818
125.761 30.2708
179.395 30.1166
162.885 30.0552
184.515 30.2285
162.71 29.9566
165.494 30.6542
135.093 30.6437
134.365 30.552
110.543 31.3065
124.882 31.1439
159.049 30.4349
145.601 31.2082
142.403 29.8734
140.19 30.03
144.92 29.8384
141.843 31.1196
143.05 31.5786
146.267 29.4901
132.947 31.4362
114.009 30.6579
149.173 29.8954
143.461 30.0955
123.423 28.8652
170.801 29.5031
166.84 29.7388
164.336 29.446
127.178 30.2223
147.767 29.8291
136.012 30.1878
121.303 30.447
137.248 29.7665
120.249 30.3251
101.533 30.1612
124.261 30.4021
128.643 31.1569
132.932 31.2602
119.367 30.8456
160.155 30.5831
93.8291 30.2152
105.16 30.5068
159.806 29.6756
125.005 30.056
155.049 30.2689
194.589 31.3985
176.081 29.3081
126.285 30.1185
141.227 29.6868
167.397 30.3184
135.041 30.8372
119.173 31.1293
157.845 30.6419
141.988 30.3309
122.042 30.3979
120.189 30.4262
108.162 30.4376
136.972 30.0105
128.492 30.4526
132.887 31.3667
172.778 30.4593
131.311 30.9221
154.281 30.6109
136.821 30.4762
141.887 30.1846
147.374 30.7017
74.3789 30.6412
152.783 30.2768
153.701 29.795
130.261 30.9432
144.477 30.9521
154.263 31.1411
150.472 30.3495
145.651 30.1991
142.492 30.4355
162.765 31.0643
162.765 30.6492
174.573 29.8148
151.965 30.2113
130.596 30.2145
96.2043 30.9502
105.187 30.1429
124.252 30.197
125.589 29.7928
129.401 30.1253
120.785 29.9476
108.447 29.7894
177.262 30.7381
157.723 30.3484
169.792 30.6275
182.604 30.3133
126.34 30.1058
125.575 29.7876
131.96 29.7876
126.042 30.6435
141.038 30.3192
122.35 29.9597
79.0032 31.0826
75.3901 30.9602
118.079 30.3859
92.0629 29.9029
142.415 29.9399
119.392 31.5965
92.2186 30.6799
142.962 30.2105
101.253 31.2874
77.413 30.7784
114.112 31.2205
95.0629 30.8092
142.152 30.3449
99.8712 30.5193
144.072 30.5579
144.072 30.501
153.06 30.1619
108.574 30.0096
127.443 31.1039
67.0658 30.7475
117.575 30.9603
138.71 30.4181
118.259 30.4105
145.725 30.3517
176.327 30.4716
142.628 31.0555
111.217 30.4645
124.026 30.5225
136.04 30.4809
102.175 30.1226
129.64 30.0998
170.284 30.0874
174.222 30.3039
221.038 30.9873
204.361 29.8658
180.259 29.9074
196.138 29.565
175.926 30.4457
185.803 30.5418
169.182 30.1154
125.791 31.6259
192.329 31.0994
143.16 30.4948
171.556 30.096
179.841 30.5761
138.552 30.0917
138.065 29.9228
132.229 30.7464
129.218 29.9584
149.84 29.6735
178.127 30.6392
178.127 30.8031
168.858 30.3881
187.557 30.2789
151.61 30.4175
166.35 30.2453
104.483 30.7907
132.396 30.3349
138.693 31.0534
107.808 30.8925
115.061 31.0294
146.977 29.7633
137.633 31.5465
170.421 30.4824
151.726 30.3987
124.616 30.054
130.217 30.3529
94.1226 30.1041
117.893 30.6541
106.133 30.6373
118.233 30.3333
117.018 30.3436
120.02 30.5012
116.245 29.9293
164.068 30.3424
143.333 30.5906
131.985 30.597
113.64 31.2708
146.87 29.2331
156.873 30.322
165.437 30.4295
148.199 30.3924
171.957 30.4695
141.618 30.7738
145.257 30.5118
145.62 30.0753
143.722 30.3897
143.888 30.231
157.759 30.4216
136.429 30.6486
155.612 29.7995
140.197 30.0306
129.387 31.4515
121.903 30.0583
120.309 30.9722
132.247 30.5669
138.324 30.1905
161.038 29.9205
149.661 30.2769
124.541 30.5404
110.547 30.0496
133.427 29.4064
130.762 30.8977
151.364 31.0076
151.364 30.2627
149.294 30.0041
96.7573 29.6445
132.759 30.5872
108.641 30.5001
163.523 30.1921
188.557 30.0282
148.244 30.4828
156.383 29.7923
165.711 29.7886
175.114 30.3262
157.413 30.4817
153.754 30.7263
135.232 30.3005
148.207 29.7131
133.072 29.821
103.388 30.4995
105.72 30.161
81.5879 30.9722
128.976 31.1894
131.324 30.9212
112.854 31.1443
150.761 30.724
155.804 30.2582
160.424 30.4518
136.779 30.2764
134.606 30.6218
110.81 30.3243
130.821 30.1114
141.479 29.6411
114.398 30.912
145.184 30.3066
112.256 30.42
183.905 29.8551
161.964 30.5782
174.943 31.4415
146.364 29.8901
150.704 30.6626
156.337 30.7887
155.167 30.8421
169.294 30.0444
144.328 30.4327
140.436 29.582
205.734 31.4266
145.412 30.8753
158.118 30.715
165.53 30.5333
104.047 30.2797
118.427 30.1092
124.085 29.5054
115.493 31.2081
134.936 30.1024
143.13 30.078
164.743 30.0132
163.169 30.1786
142.343 31.1041
124.533 30.3096
131.436 29.9124
120.158 30.0296
139.281 30.055
173.51 30.3029
172.021 30.1541
174.186 30.0469
137.879 30.5444
133.217 30.1259
150.429 30.2424
147.181 29.7538
158.695 31.1427
99.5536 30.4651
135.175 30.2756
148.116 30.8125
120.326 30.5786
116.233 30.6867
138.189 31.4596
147.826 31.3473
117.16 29.9851
122.264 30.9152
122.039 31.2597
100.751 30.8198
111.2 30.6764
135.71 30.598
185.914 31.1582
152.265 30.3681
161.805 29.954
162.655 30.1432
157.45 30.2393
156.155 31.1653
149.69 30.8113
135.942 30.1125
134.47 30.2723
128.874 29.7504
145.648 29.7698
100.154 29.8959
117.012 30.0375
167.161 29.9349
108.125 30.207
162.145 30.8569
120.546 29.4803
90.7459 29.6941
91.0083 30.1411
140.121 30.8032
112.694 30.9996
105.638 31.1174
141.966 30.0125
94.4584 30.3749
105.681 30.4048
142.773 31.6775
149.517 31.0093
131.295 30.7401
123.334 31.0075
141.706 30.4657
174.281 30.2736
155.178 29.843
149.326 30.5548
145.774 29.9406
156.627 30.3157
120.215 31.3403
94.4292 30.8296
123.956 30.6067
152.336 30.4988
185.664 30.4694
177.166 30.3606
156.78 30.0495
121.129 30.6833
142.319 30.5379
109.152 30.6931
149.317 29.8033
129.767 30.158
59.1843 30.2936
112.309 30.1416
78.4108 30.1828
96.9716 30.3571
114.098 30.0499
131.323 30.7333
155.608 30.5087
147.876 30.2873
168.577 31.312
102.936 30.2581
106.172 30.6319
151.477 30.6058
128.06 30.6165
129.925 30.6508
181.944 30.6407
139.563 29.9774
100.151 29.963
97.753 30.4506
110.249 30.8111
129.331 31.1127
106.081 29.4567
137.269 29.5514
147.844 29.7734
144.887 30.4474
115.033 30.8868
113.613 29.8279
119.309 31.3734
108.648 31.147
158.323 30.6852
130.551 30.4499
165.735 31.1619
217.845 30.1131
111.267 30.0478
138.535 30.2484
137.831 30.5302
156.819 31.5489
110.888 30.4585
145.695 30.738
149.849 31.1821
151.353 30.5628
136.827 30.5307
99.164 30.7754
118.453 30.9202
115.461 31.1774
131.238 30.7546
146.902 29.8318
161.027 30.1803
97.0482 31.0786
97.5869 31.4056
90.7587 30.6357
149.798 30.555
158.308 30.7288
148.987 30.0097
100.58 31.3006
84.8394 29.6732
93.6572 30.0027
109.243 30.1383
97.7029 30.5035
133.343 30.193
102.896 30.718
124.835 29.8353
122.316 30.2598
162.887 30.1861
170.323 29.9307
158.371 31.1026
132.865 31.3739
143.872 30.1302
148.03 29.888
119.712 31.0103
91.4116 31.3626
140.275 31.3793
139.015 30.9934
135.138 31.068
152.398 31.4715
156.075 30.5525
160.222 29.8199
121.552 30.9259
106.398 30.3663
108.156 30.3401
132.164 30.7533
129.899 30.8753
107.672 30.3585
148.829 31.1182
122.341 30.9224
130.161 31.2944
131.712 30.6825
174.515 30.4992
178.052 31.4588
123.142 30.7028
95.4513 30.9003
90.4537 30.0088
98.6384 30.9396
87.8398 30.8516
151.508 30.7451
88.2678 31.3648
126.35 31.1755
132.398 31.1924
136.764 30.7854
124.667 29.9818
117.901 30.561
119.473 30.8313
170.824 29.4661
161.888 30.4158
159.088 30.5396
148.98 30.8285
161.369 30.797
116.345 30.3112
129.544 29.3008
144.174 29.9757
176.709 30.0229
138.704 30.2388
161.317 30.1842
145.182 31.0199
125.672 29.8105
163.378 30.552
134.905 29.7882
168.951 30.7907
173.357 30.9169
143.581 30.2513
132.829 30.312
131.024 30.4281
149.342 30.5112
160.852 30.6586
88.0283 31.1607
147.555 31.1435
130.446 30.3434
88.3432 30.4498
136.897 30.5624
156.717 30.4006
159.066 30.1709
142.296 30.2786
105.232 29.8132
115.304 30.1373
139.408 31.4894
148.473 30.1226
142.563 30.3897
153.42 31.2552
135.025 29.9714
136.912 31.1265
147.433 30.3895
131.744 29.8835
157.472 31.2179
170.479 30.4316
157.973 30.2045
136.327 30.5061
120.007 30.6428
134.427 30.5228
120.554 30.355
129.225 30.355
143.788 30.7697
108.221 30.7056
114.311 31.58
133.897 30.3973
99.6847 30.1485
137.759 29.8649
137.876 31.3782
139.431 29.5653
161.324 30.5254
113.404 30.9322
99.7897 30.3242
99.7897 31.4963
115.237 29.9457
115.237 30.4638
138.812 30.3273
135.385 29.8988
122.743 30.072
114.369 30.8094
143.537 30.8802
116.744 29.9182
109.687 30.6926
180.769 30.0639
182.096 29.9499
203.318 30.3852
163.804 29.5902
175.193 30.46
153.215 31.3227
173.901 30.4181
127.904 30.7991
142.457 29.8584
111.355 30.5777
128.974 31.1329
151.826 30.2666
173.836 30.2968
156.47 30.5943
137.937 31.2685
106.114 31.1306
142.124 30.5647
96.047 30.4048
117.239 30.0801
71.8545 30.3288
112.392 30.4543
144.661 30.986
118.777 30.6094
146.304 30.4794
147.848 30.3413
143.421 30.38
144.704 31.0142
168.986 31.2208
121.894 30.9822
138.615 30.4124
120.678 30.5985
153.639 30.5661
179.991 29.9238
157.419 30.1025
117.079 30.6811
112.465 30.8992
124.585 29.8711
118.858 30.0198
119.473 29.1359
127.171 30.7043
129.852 29.9758
131.598 30.0409
127.472 30.5862
133.281 30.1507
134.63 31.5312
136.393 30.6345
121.686 31.2934
107.154 30.8083
104.591 30.9531
181.667 30.4088
141.722 30.5677
132.296 30.5881
123.692 30.1851
158.122 30.031
161.18 30.2242
127.882 30.7773
142.463 29.9613
137.72 30.4587
163.837 30.7651
167.306 30.6337
165.436 29.2469
154.767 29.5121
126.987 29.7442
184.715 30.2938
106.359 30.2759
101.924 29.5562
146.752 29.9819
121.225 30.5376
124.069 30.5732
162.43 30.5406
153.76 30.8485
154.96 29.7516
162.091 30.6365
166.296 30.2017
116.006 30.5728
104.961 30.87
84.7103 30.8304
148.761 30.7419
109.658 30.8339
126.648 30.7188
95.6846 30.8352
86.3821 31.0213
152.712 30.6514
165.884 29.9951
146.672 30.6423
146.864 29.8976
154.632 30.3541
132.464 30.2974
118.38 30.7303
116.111 30.6029
121.408 30.6767
125.418 31.2771
150.722 29.7692
113.294 30.5216
108.481 30.615
115.596 30.9697
96.1978 30.7154
129.285 31.4327
120.584 29.9999
87.6762 30.3891
95.0163 30.4295
91.7155 31.6192
140.117 31.0507
147.341 30.8332
172.231 29.9353
145.086 30.5845
107.248 30.541
94.8704 30.7646
109.047 30.7642
112.056 30.1243
142.084 30.6818
133.59 29.8491
120.137 30.0111
151.135 29.1069
117.762 30.4772
72.2131 30.4037
72.2131 31.4981
94.9526 31.3314
121.411 30.8626
109.931 30.7159
117.336 30.4593
128.787 30.0384
112.051 29.3135
196.17 29.6957
205.278 31.207
131.414 30.8001
151.265 30.8218
143.685 31.3618
194.382 31.7421
153.291 29.8686
132.067 30.1673
160.897 30.5043
141.659 30.5081
140.006 30.1426
153.283 30.5694
123.802 31.3666
148.692 31.5217
154.411 30.1559
113.629 31.5006
127.674 29.1319
134.273 30.6323
95.1385 29.9712
124.184 30.0698
148.209 29.7501
133.667 29.8808
167.105 30.6721
157.736 30.6625
153.45 30.2304
120.981 30.8893
101.493 29.7832
123.24 29.6712
123.752 30.893
121.856 30.8512
123.469 31.2825
107.012 31.738
168.816 30.7625
150.787 30.6416
174.158 30.1591
163.131 30.2631
103.433 30.3122
124.787 30.3089
148.126 30.3349
127.162 30.5268
141.336 30.5925
160.547 31.1684
156.767 30.1044
183.314 30.9597
176.338 31.074
124.008 30.2541
104.535 30.1058
103.399 30.9365
92.5198 30.5634
97.4354 30.7697
93.0407 30.674
113.793 29.6178
153.01 30.5995
131.362 31.5269
129.347 29.4009
114.786 30.8476
105.402 30.5804
125.825 30.316
114.977 30.3264
163.605 30.6609
108.864 29.8927
125.023 30.8665
127.448 31.1044
110.149 30.2582
120.917 32.27
96.4543 31.2772
121.61 30.124
185.443 29.9755
174.064 30.047
162.536 29.9734
162.536 29.7408
139.946 29.7535
132.562 29.7903
135.598 30.1128
133.863 29.9883
131.152 30.9314
186.096 30.5881
153.682 30.3554
169.191 29.9116
174.923 30.301
174.296 30.9281
193.054 30.3551
155.895 30.9548
195.564 30.3408
178.385 29.8207
136.37 29.8915
135.041 29.9475
137.252 30.1058
162.957 30.6465
131.326 30.668
118.475 30.8204
140.757 30.7253
129.578 30.8491
107.958 30.4978
87.4275 31.3071
97.1124 30.2934
138.543 30.7544
148.75 30.2362
132.75 30.4058
157.192 29.9354
149.796 30.0112
164.869 29.7715
164.868 30.1392
92.4699 30.473
150.861 30.8822
153.289 31.3046
151.648 29.7701
160.068 30.4732
170.135 30.5834
156.843 31.4486
162.662 30.5013
113.035 30.6744
128.574 30.6916
109.908 30.2495
109.157 30.0036
107.956 30.1413
83.6396 30.2392
107.617 30.0838
105.645 31.1558
117.944 30.1362
141.974 30.5545
140.484 30.3351
106.587 29.6429
103.748 29.9175
112.018 29.5282
107.405 30.8066
93.8282 30.9574
120.859 31.7543
96.9814 30.0189
107.307 30.2703
149.5 31.0704
156.785 30.4248
103.524 31.0562
101.723 30.3861
116.215 30.603
101.836 30.3797
98.9168 29.675
106.166 29.6863
103.149 30.7934
119.784 30.524
115.504 29.4286
103.582 31.2815
111.022 31.1394
124.452 30.6614
117.074 30.9437
71.8098 30.2208
120.335 30.4933
113.483 30.4664
128.209 30.3405
176.8 30.2858
136.359 30.7397
144.689 30.9138
172.672 31.0974
126.842 30.7569
188.419 31.1737
152.507 30.8241
167.044 30.9056
184.284 31.1958
153.18 29.8383
138.809 30.1589
154.831 31.3613
151.691 31.254
135.124 30.2185
151.056 29.8547
133.065 30.5677
96.2649 30.3099
99.6649 31.1621
115.677 30.2154
81.3043 31.2345
81.3043 30.4881
79.355 30.437
84.8334 30.4767
115.868 30.0233
176.451 30.6954
131.154 31.2705
122.018 29.6943
